2020-08-12 09:00:01 [scrapy.utils.log] INFO: Scrapy 1.8.0 started (bot: news163)
2020-08-12 09:00:01 [scrapy.utils.log] INFO: Versions: lxml 4.4.2.0, libxml2 2.9.9, cssselect 1.1.0, parsel 1.5.2, w3lib 1.21.0, Twisted 19.10.0, Python 3.6.0 |Continuum Analytics, Inc.| (default, Dec 23 2016, 12:22:00) - [GCC 4.4.7 20120313 (Red Hat 4.4.7-1)], pyOpenSSL 19.1.0 (OpenSSL 1.1.1d  10 Sep 2019), cryptography 2.8, Platform Linux-4.15.0-74-generic-x86_64-with-debian-buster-sid
2020-08-12 09:00:01 [scrapy.crawler] INFO: Overridden settings: {'BOT_NAME': 'news163', 'DUPEFILTER_CLASS': 'scrapy_splash.SplashAwareDupeFilter', 'HTTPCACHE_STORAGE': 'scrapy_splash.SplashAwareFSCacheStorage', 'NEWSPIDER_MODULE': 'news163.spiders', 'SPIDER_MODULES': ['news163.spiders']}
2020-08-12 09:00:01 [scrapy.extensions.telnet] INFO: Telnet Password: bb3eee1fdd1824d3
2020-08-12 09:00:01 [scrapy.middleware] INFO: Enabled extensions:
['scrapy.extensions.corestats.CoreStats',
 'scrapy.extensions.telnet.TelnetConsole',
 'scrapy.extensions.memusage.MemoryUsage',
 'scrapy.extensions.logstats.LogStats']
2020-08-12 09:00:01 [scrapy.middleware] INFO: Enabled downloader middlewares:
['scrapy.downloadermiddlewares.httpauth.HttpAuthMiddleware',
 'scrapy.downloadermiddlewares.downloadtimeout.DownloadTimeoutMiddleware',
 'scrapy.downloadermiddlewares.defaultheaders.DefaultHeadersMiddleware',
 'scrapy.downloadermiddlewares.useragent.UserAgentMiddleware',
 'scrapy.downloadermiddlewares.retry.RetryMiddleware',
 'scrapy.downloadermiddlewares.redirect.MetaRefreshMiddleware',
 'scrapy.downloadermiddlewares.redirect.RedirectMiddleware',
 'scrapy.downloadermiddlewares.cookies.CookiesMiddleware',
 'scrapy_splash.SplashCookiesMiddleware',
 'scrapy_splash.SplashMiddleware',
 'scrapy.downloadermiddlewares.httpproxy.HttpProxyMiddleware',
 'scrapy.downloadermiddlewares.httpcompression.HttpCompressionMiddleware',
 'scrapy.downloadermiddlewares.stats.DownloaderStats']
2020-08-12 09:00:01 [scrapy.middleware] INFO: Enabled spider middlewares:
['scrapy.spidermiddlewares.httperror.HttpErrorMiddleware',
 'scrapy_splash.SplashDeduplicateArgsMiddleware',
 'scrapy.spidermiddlewares.offsite.OffsiteMiddleware',
 'scrapy.spidermiddlewares.referer.RefererMiddleware',
 'scrapy.spidermiddlewares.urllength.UrlLengthMiddleware',
 'scrapy.spidermiddlewares.depth.DepthMiddleware']
2020-08-12 09:00:01 [scrapy.middleware] INFO: Enabled item pipelines:
['news163.pipelines.News163Pipeline']
2020-08-12 09:00:01 [scrapy.core.engine] INFO: Spider opened
2020-08-12 09:00:01 [scrapy.extensions.logstats] INFO: Crawled 0 pages (at 0 pages/min), scraped 0 items (at 0 items/min)
2020-08-12 09:00:01 [scrapy.extensions.telnet] INFO: Telnet console listening on 127.0.0.1:6023
2020-08-12 09:00:02 [scrapy.downloadermiddlewares.retry] DEBUG: Retrying <GET https://3g.163.com/touch/tech/ via http://localhost:8050/execute> (failed 1 times): Connection was refused by other side: 111: Connection refused.
2020-08-12 09:00:02 [scrapy.downloadermiddlewares.retry] DEBUG: Retrying <GET https://3g.163.com/touch/news via http://localhost:8050/execute> (failed 1 times): Connection was refused by other side: 111: Connection refused.
2020-08-12 09:00:02 [scrapy.downloadermiddlewares.retry] DEBUG: Retrying <GET https://3g.163.com/touch/money via http://localhost:8050/execute> (failed 1 times): Connection was refused by other side: 111: Connection refused.
2020-08-12 09:00:02 [scrapy.downloadermiddlewares.retry] DEBUG: Retrying <GET https://3g.163.com/touch/#/recommend via http://localhost:8050/execute> (failed 1 times): Connection was refused by other side: 111: Connection refused.
2020-08-12 09:00:02 [scrapy.downloadermiddlewares.retry] DEBUG: Retrying <GET https://3g.163.com/touch/#/recommend via http://localhost:8050/execute> (failed 2 times): Connection was refused by other side: 111: Connection refused.
2020-08-12 09:00:02 [scrapy.downloadermiddlewares.retry] DEBUG: Retrying <GET https://3g.163.com/touch/money via http://localhost:8050/execute> (failed 2 times): Connection was refused by other side: 111: Connection refused.
2020-08-12 09:00:02 [scrapy.downloadermiddlewares.retry] DEBUG: Retrying <GET https://3g.163.com/touch/news via http://localhost:8050/execute> (failed 2 times): Connection was refused by other side: 111: Connection refused.
2020-08-12 09:00:02 [scrapy.downloadermiddlewares.retry] DEBUG: Retrying <GET https://3g.163.com/touch/tech/ via http://localhost:8050/execute> (failed 2 times): Connection was refused by other side: 111: Connection refused.
2020-08-12 09:00:02 [scrapy.downloadermiddlewares.retry] DEBUG: Gave up retrying <GET https://3g.163.com/touch/#/recommend via http://localhost:8050/execute> (failed 3 times): Connection was refused by other side: 111: Connection refused.
2020-08-12 09:00:02 [scrapy.downloadermiddlewares.retry] DEBUG: Gave up retrying <GET https://3g.163.com/touch/news via http://localhost:8050/execute> (failed 3 times): Connection was refused by other side: 111: Connection refused.
2020-08-12 09:00:02 [scrapy.downloadermiddlewares.retry] DEBUG: Gave up retrying <GET https://3g.163.com/touch/money via http://localhost:8050/execute> (failed 3 times): Connection was refused by other side: 111: Connection refused.
2020-08-12 09:00:02 [scrapy.downloadermiddlewares.retry] DEBUG: Gave up retrying <GET https://3g.163.com/touch/tech/ via http://localhost:8050/execute> (failed 3 times): Connection was refused by other side: 111: Connection refused.
2020-08-12 09:00:02 [scrapy.core.scraper] ERROR: Error downloading <GET https://3g.163.com/touch/#/recommend via http://localhost:8050/execute>
Traceback (most recent call last):
  File "/home/glacier/.conda/envs/scrapy/lib/python3.6/site-packages/scrapy/core/downloader/middleware.py", line 44, in process_request
    defer.returnValue((yield download_func(request=request, spider=spider)))
twisted.internet.error.ConnectionRefusedError: Connection was refused by other side: 111: Connection refused.
2020-08-12 09:00:02 [scrapy.core.scraper] ERROR: Error downloading <GET https://3g.163.com/touch/news via http://localhost:8050/execute>
Traceback (most recent call last):
  File "/home/glacier/.conda/envs/scrapy/lib/python3.6/site-packages/scrapy/core/downloader/middleware.py", line 44, in process_request
    defer.returnValue((yield download_func(request=request, spider=spider)))
twisted.internet.error.ConnectionRefusedError: Connection was refused by other side: 111: Connection refused.
2020-08-12 09:00:02 [scrapy.core.scraper] ERROR: Error downloading <GET https://3g.163.com/touch/money via http://localhost:8050/execute>
Traceback (most recent call last):
  File "/home/glacier/.conda/envs/scrapy/lib/python3.6/site-packages/scrapy/core/downloader/middleware.py", line 44, in process_request
    defer.returnValue((yield download_func(request=request, spider=spider)))
twisted.internet.error.ConnectionRefusedError: Connection was refused by other side: 111: Connection refused.
2020-08-12 09:00:02 [scrapy.core.scraper] ERROR: Error downloading <GET https://3g.163.com/touch/tech/ via http://localhost:8050/execute>
Traceback (most recent call last):
  File "/home/glacier/.conda/envs/scrapy/lib/python3.6/site-packages/scrapy/core/downloader/middleware.py", line 44, in process_request
    defer.returnValue((yield download_func(request=request, spider=spider)))
twisted.internet.error.ConnectionRefusedError: Connection was refused by other side: 111: Connection refused.
2020-08-12 09:00:03 [scrapy.core.engine] INFO: Closing spider (finished)
2020-08-12 09:00:03 [scrapy.statscollectors] INFO: Dumping Scrapy stats:
{'downloader/exception_count': 12,
 'downloader/exception_type_count/twisted.internet.error.ConnectionRefusedError': 12,
 'downloader/request_bytes': 13995,
 'downloader/request_count': 12,
 'downloader/request_method_count/POST': 12,
 'elapsed_time_seconds': 1.1339,
 'finish_reason': 'finished',
 'finish_time': datetime.datetime(2020, 8, 12, 1, 0, 3, 54906),
 'log_count/DEBUG': 12,
 'log_count/ERROR': 4,
 'log_count/INFO': 10,
 'memusage/max': 53485568,
 'memusage/startup': 53485568,
 'retry/count': 8,
 'retry/max_reached': 4,
 'retry/reason_count/twisted.internet.error.ConnectionRefusedError': 8,
 'scheduler/dequeued': 16,
 'scheduler/dequeued/memory': 16,
 'scheduler/enqueued': 16,
 'scheduler/enqueued/memory': 16,
 'splash/execute/request_count': 4,
 'start_time': datetime.datetime(2020, 8, 12, 1, 0, 1, 921006)}
2020-08-12 09:00:03 [scrapy.core.engine] INFO: Spider closed (finished)
