2020-08-11 22:59:01 [scrapy.utils.log] INFO: Scrapy 1.8.0 started (bot: index163)
2020-08-11 22:59:01 [scrapy.utils.log] INFO: Versions: lxml 4.4.2.0, libxml2 2.9.9, cssselect 1.1.0, parsel 1.5.2, w3lib 1.21.0, Twisted 19.10.0, Python 3.6.0 |Continuum Analytics, Inc.| (default, Dec 23 2016, 12:22:00) - [GCC 4.4.7 20120313 (Red Hat 4.4.7-1)], pyOpenSSL 19.1.0 (OpenSSL 1.1.1d  10 Sep 2019), cryptography 2.8, Platform Linux-4.15.0-74-generic-x86_64-with-debian-buster-sid
2020-08-11 22:59:01 [scrapy.crawler] INFO: Overridden settings: {'BOT_NAME': 'index163', 'DUPEFILTER_CLASS': 'scrapy_splash.SplashAwareDupeFilter', 'HTTPCACHE_STORAGE': 'scrapy_splash.SplashAwareFSCacheStorage', 'NEWSPIDER_MODULE': 'index163.spiders', 'ROBOTSTXT_OBEY': True, 'SPIDER_MODULES': ['index163.spiders']}
2020-08-11 22:59:01 [scrapy.extensions.telnet] INFO: Telnet Password: da85dcbf844df567
2020-08-11 22:59:01 [scrapy.middleware] INFO: Enabled extensions:
['scrapy.extensions.corestats.CoreStats',
 'scrapy.extensions.telnet.TelnetConsole',
 'scrapy.extensions.memusage.MemoryUsage',
 'scrapy.extensions.logstats.LogStats']
2020-08-11 22:59:01 [scrapy.middleware] INFO: Enabled downloader middlewares:
['scrapy.downloadermiddlewares.robotstxt.RobotsTxtMiddleware',
 'scrapy.downloadermiddlewares.httpauth.HttpAuthMiddleware',
 'scrapy.downloadermiddlewares.downloadtimeout.DownloadTimeoutMiddleware',
 'scrapy.downloadermiddlewares.defaultheaders.DefaultHeadersMiddleware',
 'scrapy.downloadermiddlewares.useragent.UserAgentMiddleware',
 'scrapy.downloadermiddlewares.retry.RetryMiddleware',
 'scrapy.downloadermiddlewares.redirect.MetaRefreshMiddleware',
 'scrapy.downloadermiddlewares.redirect.RedirectMiddleware',
 'scrapy.downloadermiddlewares.cookies.CookiesMiddleware',
 'scrapy_splash.SplashCookiesMiddleware',
 'scrapy_splash.SplashMiddleware',
 'scrapy.downloadermiddlewares.httpproxy.HttpProxyMiddleware',
 'scrapy.downloadermiddlewares.httpcompression.HttpCompressionMiddleware',
 'scrapy.downloadermiddlewares.stats.DownloaderStats']
2020-08-11 22:59:01 [scrapy.middleware] INFO: Enabled spider middlewares:
['scrapy.spidermiddlewares.httperror.HttpErrorMiddleware',
 'scrapy_splash.SplashDeduplicateArgsMiddleware',
 'scrapy.spidermiddlewares.offsite.OffsiteMiddleware',
 'scrapy.spidermiddlewares.referer.RefererMiddleware',
 'scrapy.spidermiddlewares.urllength.UrlLengthMiddleware',
 'scrapy.spidermiddlewares.depth.DepthMiddleware']
2020-08-11 22:59:01 [scrapy.middleware] INFO: Enabled item pipelines:
['index163.pipelines.Index163Pipeline']
2020-08-11 22:59:01 [scrapy.core.engine] INFO: Spider opened
2020-08-11 22:59:01 [scrapy.extensions.logstats] INFO: Crawled 0 pages (at 0 pages/min), scraped 0 items (at 0 items/min)
2020-08-11 22:59:01 [scrapy.extensions.telnet] INFO: Telnet console listening on 127.0.0.1:6023
2020-08-11 22:59:01 [scrapy.core.engine] DEBUG: Crawled (200) <GET http://quotes.money.163.com/robots.txt> (referer: None)
2020-08-11 22:59:02 [scrapy.downloadermiddlewares.retry] DEBUG: Retrying <GET http://localhost:8050/robots.txt> (failed 1 times): Connection was refused by other side: 111: Connection refused.
2020-08-11 22:59:02 [scrapy.downloadermiddlewares.retry] DEBUG: Retrying <GET http://localhost:8050/robots.txt> (failed 2 times): Connection was refused by other side: 111: Connection refused.
2020-08-11 22:59:02 [scrapy.downloadermiddlewares.retry] DEBUG: Gave up retrying <GET http://localhost:8050/robots.txt> (failed 3 times): Connection was refused by other side: 111: Connection refused.
2020-08-11 22:59:02 [scrapy.downloadermiddlewares.robotstxt] ERROR: Error downloading <GET http://localhost:8050/robots.txt>: Connection was refused by other side: 111: Connection refused.
Traceback (most recent call last):
  File "/home/glacier/.conda/envs/scrapy/lib/python3.6/site-packages/scrapy/core/downloader/middleware.py", line 44, in process_request
    defer.returnValue((yield download_func(request=request, spider=spider)))
twisted.internet.error.ConnectionRefusedError: Connection was refused by other side: 111: Connection refused.
2020-08-11 22:59:03 [scrapy.downloadermiddlewares.retry] DEBUG: Retrying <GET http://quotes.money.163.com/trade/lsjysj_zhishu_399300.html via http://localhost:8050/execute> (failed 1 times): Connection was refused by other side: 111: Connection refused.
2020-08-11 22:59:03 [scrapy.downloadermiddlewares.retry] DEBUG: Retrying <GET http://quotes.money.163.com/trade/lsjysj_zhishu_399001.html via http://localhost:8050/execute> (failed 1 times): Connection was refused by other side: 111: Connection refused.
2020-08-11 22:59:03 [scrapy.downloadermiddlewares.retry] DEBUG: Retrying <GET http://quotes.money.163.com/trade/lsjysj_zhishu_000001.html via http://localhost:8050/execute> (failed 1 times): Connection was refused by other side: 111: Connection refused.
2020-08-11 22:59:03 [scrapy.downloadermiddlewares.retry] DEBUG: Retrying <GET http://quotes.money.163.com/trade/lsjysj_zhishu_399001.html via http://localhost:8050/execute> (failed 2 times): Connection was refused by other side: 111: Connection refused.
2020-08-11 22:59:03 [scrapy.downloadermiddlewares.retry] DEBUG: Retrying <GET http://quotes.money.163.com/trade/lsjysj_zhishu_399300.html via http://localhost:8050/execute> (failed 2 times): Connection was refused by other side: 111: Connection refused.
2020-08-11 22:59:03 [scrapy.downloadermiddlewares.retry] DEBUG: Retrying <GET http://quotes.money.163.com/trade/lsjysj_zhishu_000001.html via http://localhost:8050/execute> (failed 2 times): Connection was refused by other side: 111: Connection refused.
2020-08-11 22:59:03 [scrapy.downloadermiddlewares.retry] DEBUG: Gave up retrying <GET http://quotes.money.163.com/trade/lsjysj_zhishu_399001.html via http://localhost:8050/execute> (failed 3 times): Connection was refused by other side: 111: Connection refused.
2020-08-11 22:59:03 [scrapy.downloadermiddlewares.retry] DEBUG: Gave up retrying <GET http://quotes.money.163.com/trade/lsjysj_zhishu_399300.html via http://localhost:8050/execute> (failed 3 times): Connection was refused by other side: 111: Connection refused.
2020-08-11 22:59:03 [scrapy.downloadermiddlewares.retry] DEBUG: Gave up retrying <GET http://quotes.money.163.com/trade/lsjysj_zhishu_000001.html via http://localhost:8050/execute> (failed 3 times): Connection was refused by other side: 111: Connection refused.
2020-08-11 22:59:03 [scrapy.core.scraper] ERROR: Error downloading <GET http://quotes.money.163.com/trade/lsjysj_zhishu_399001.html via http://localhost:8050/execute>
Traceback (most recent call last):
  File "/home/glacier/.conda/envs/scrapy/lib/python3.6/site-packages/scrapy/core/downloader/middleware.py", line 44, in process_request
    defer.returnValue((yield download_func(request=request, spider=spider)))
twisted.internet.error.ConnectionRefusedError: Connection was refused by other side: 111: Connection refused.
2020-08-11 22:59:03 [scrapy.core.scraper] ERROR: Error downloading <GET http://quotes.money.163.com/trade/lsjysj_zhishu_399300.html via http://localhost:8050/execute>
Traceback (most recent call last):
  File "/home/glacier/.conda/envs/scrapy/lib/python3.6/site-packages/scrapy/core/downloader/middleware.py", line 44, in process_request
    defer.returnValue((yield download_func(request=request, spider=spider)))
twisted.internet.error.ConnectionRefusedError: Connection was refused by other side: 111: Connection refused.
2020-08-11 22:59:03 [scrapy.core.scraper] ERROR: Error downloading <GET http://quotes.money.163.com/trade/lsjysj_zhishu_000001.html via http://localhost:8050/execute>
Traceback (most recent call last):
  File "/home/glacier/.conda/envs/scrapy/lib/python3.6/site-packages/scrapy/core/downloader/middleware.py", line 44, in process_request
    defer.returnValue((yield download_func(request=request, spider=spider)))
twisted.internet.error.ConnectionRefusedError: Connection was refused by other side: 111: Connection refused.
2020-08-11 22:59:04 [scrapy.core.engine] INFO: Closing spider (finished)
2020-08-11 22:59:04 [scrapy.statscollectors] INFO: Dumping Scrapy stats:
{'downloader/exception_count': 12,
 'downloader/exception_type_count/twisted.internet.error.ConnectionRefusedError': 12,
 'downloader/request_bytes': 11620,
 'downloader/request_count': 13,
 'downloader/request_method_count/GET': 4,
 'downloader/request_method_count/POST': 9,
 'downloader/response_bytes': 315,
 'downloader/response_count': 1,
 'downloader/response_status_count/200': 1,
 'elapsed_time_seconds': 2.183604,
 'finish_reason': 'finished',
 'finish_time': datetime.datetime(2020, 8, 11, 14, 59, 4, 23528),
 'log_count/DEBUG': 13,
 'log_count/ERROR': 4,
 'log_count/INFO': 10,
 'memusage/max': 53268480,
 'memusage/startup': 53268480,
 'response_received_count': 1,
 'retry/count': 8,
 'retry/max_reached': 4,
 'retry/reason_count/twisted.internet.error.ConnectionRefusedError': 8,
 "robotstxt/exception_count/<class 'twisted.internet.error.ConnectionRefusedError'>": 1,
 'robotstxt/request_count': 2,
 'robotstxt/response_count': 1,
 'robotstxt/response_status_count/200': 1,
 'scheduler/dequeued': 12,
 'scheduler/dequeued/memory': 12,
 'scheduler/enqueued': 12,
 'scheduler/enqueued/memory': 12,
 'splash/execute/request_count': 3,
 'start_time': datetime.datetime(2020, 8, 11, 14, 59, 1, 839924)}
2020-08-11 22:59:04 [scrapy.core.engine] INFO: Spider closed (finished)
