latest date: 2022-03-09
login respond error_code:0
login respond  error_msg:success
query_all_stock respond error_code:0
query_all_stock respond  error_msg:success
get stocks list, list length: 5241
delete all date where date=2022-03-10
start records num: 13955538
bj.430047 0
bj.430090 0
bj.430198 0
bj.430418 0
bj.430489 0
bj.430510 0
bj.830799 0
bj.830832 0
bj.830839 0
bj.830946 0
bj.830964 0
bj.831010 0
bj.831039 0
bj.831305 0
bj.831370 0
bj.831445 0
bj.831726 0
bj.831768 0
bj.831832 0
bj.831856 0
bj.831961 0
bj.832000 0
bj.832089 0
bj.832145 0
bj.832171 0
bj.832225 0
bj.832278 0
bj.832317 0
bj.832566 0
bj.832735 0
bj.832885 0
bj.833266 0
bj.833346 0
bj.833427 0
bj.833454 0
bj.833509 0
bj.833523 0
bj.833819 0
bj.833873 0
bj.833874 0
bj.833994 0
bj.834021 0
bj.834415 0
bj.834475 0
bj.834599 0
bj.834682 0
bj.834765 0
bj.835174 0
bj.835179 0
bj.835184 0
bj.835185 0
bj.835305 0
bj.835368 0
bj.835508 0
bj.835640 0
bj.835670 0
bj.836077 0
bj.836149 0
bj.836239 0
bj.836260 0
bj.836263 0
bj.836433 0
bj.836675 0
bj.836720 0
bj.836826 0
bj.836892 0
bj.837092 0
bj.837212 0
bj.837242 0
bj.837344 0
bj.838030 0
bj.838163 0
bj.838275 0
bj.838924 0
bj.839167 0
bj.839680 0
bj.839729 0
bj.839946 0
bj.870204 0
bj.870436 0
bj.871245 0
bj.871396 0
bj.871553 0
bj.871642 0
bj.871857 0
bj.871981 0
bj.872925 0
sh.000001 1
sh.000002 1
sh.000003 1
sh.000004 1
sh.000005 1
sh.000006 1
sh.000007 1
sh.000008 1
sh.000009 1
sh.000010 1
sh.000011 1
sh.000012 1
sh.000013 1
sh.000015 1
sh.000016 1
sh.000017 1
sh.000018 1
sh.000019 1
sh.000020 1
sh.000021 1
sh.000022 1
sh.000025 1
sh.000026 1
sh.000027 1
sh.000028 1
sh.000029 1
sh.000030 1
sh.000031 1
sh.000032 1
sh.000033 1
sh.000034 1
sh.000035 1
sh.000036 1
sh.000037 1
sh.000038 1
sh.000039 1
sh.000040 1
sh.000041 1
sh.000042 1
sh.000043 1
sh.000044 1
sh.000045 1
sh.000046 1
sh.000047 1
sh.000048 1
sh.000049 1
sh.000050 1
sh.000051 1
sh.000052 1
sh.000053 1
sh.000054 1
sh.000056 1
sh.000057 1
sh.000058 1
sh.000059 1
sh.000060 1
sh.000061 1
sh.000062 1
sh.000063 1
sh.000064 1
sh.000065 1
sh.000066 1
sh.000067 1
sh.000068 1
sh.000069 1
sh.000070 1
sh.000071 1
sh.000072 1
sh.000073 1
sh.000074 1
sh.000075 1
sh.000076 1
sh.000077 1
sh.000078 1
sh.000079 1
sh.000090 1
sh.000091 1
sh.000092 1
sh.000093 1
sh.000094 1
sh.000095 1
sh.000096 1
sh.000097 1
sh.000098 1
sh.000099 1
sh.000100 1
sh.000101 1
sh.000102 1
sh.000103 1
sh.000104 1
sh.000105 1
sh.000106 1
sh.000107 1
sh.000108 1
sh.000109 1
sh.000110 1
sh.000111 1
sh.000112 1
sh.000113 1
sh.000114 1
sh.000115 1
sh.000116 1
sh.000117 1
sh.000118 1
sh.000119 1
sh.000120 1
sh.000121 1
sh.000122 1
sh.000123 1
sh.000125 1
sh.000126 1
sh.000128 1
sh.000129 1
sh.000130 1
sh.000131 1
sh.000132 1
sh.000133 1
sh.000134 1
sh.000135 1
sh.000136 1
sh.000137 1
sh.000138 1
sh.000139 1
sh.000141 1
sh.000142 1
sh.000145 1
sh.000146 1
sh.000147 1
sh.000148 1
sh.000149 1
sh.000150 1
sh.000151 1
sh.000152 1
sh.000153 1
sh.000155 1
sh.000158 1
sh.000159 1
sh.000160 1
sh.000161 1
sh.000162 1
sh.000300 1
sh.000802 1
sh.000805 1
sh.000806 1
sh.000807 1
sh.000808 1
sh.000814 1
sh.000816 1
sh.000819 1
sh.000821 1
sh.000823 1
sh.000827 1
sh.000828 1
sh.000832 1
sh.000846 1
sh.000847 1
sh.000849 1
sh.000851 1
sh.000852 1
sh.000853 1
sh.000854 1
sh.000855 1
sh.000856 1
sh.000857 1
sh.000858 1
sh.000901 1
sh.000903 1
sh.000904 1
sh.000905 1
sh.000906 1
sh.000908 1
sh.000909 1
sh.000910 1
sh.000911 1
sh.000912 1
sh.000913 1
sh.000914 1
sh.000917 1
sh.000918 1
sh.000919 1
sh.000922 1
sh.000925 1
sh.000928 1
sh.000931 1
sh.000932 1
sh.000933 1
sh.000934 1
sh.000935 1
sh.000940 1
sh.000944 1
sh.000950 1
sh.000951 1
sh.000952 1
sh.000957 1
sh.000958 1
sh.000959 1
sh.000961 1
sh.000963 1
sh.000964 1
sh.000966 1
sh.000969 1
sh.000971 1
sh.000974 1
sh.000975 1
sh.000977 1
sh.000978 1
sh.000979 1
sh.000982 1
sh.000983 1
sh.000984 1
sh.000986 1
sh.000987 1
sh.000989 1
sh.000990 1
sh.000991 1
sh.000992 1
sh.000993 1
sh.000998 1
sh.600000 1
sh.600004 1
sh.600006 1
sh.600007 1
sh.600008 1
sh.600009 1
sh.600010 1
sh.600011 1
sh.600012 1
sh.600015 1
sh.600016 1
sh.600017 1
sh.600018 1
sh.600019 1
sh.600020 1
sh.600021 1
sh.600022 1
sh.600023 1
sh.600025 1
sh.600026 1
sh.600027 1
sh.600028 1
sh.600029 1
sh.600030 1
sh.600031 1
sh.600032 1
sh.600033 1
sh.600035 1
sh.600036 1
sh.600037 1
sh.600038 1
sh.600039 1
sh.600048 1
sh.600050 1
sh.600051 1
sh.600052 1
sh.600053 1
sh.600054 1
sh.600055 1
sh.600056 1
sh.600057 1
sh.600058 1
sh.600059 1
sh.600060 1
sh.600061 1
sh.600062 1
sh.600063 1
sh.600064 1
sh.600066 1
sh.600067 1
sh.600070 1
sh.600071 1
sh.600072 1
sh.600073 1
sh.600075 1
sh.600076 1
sh.600077 1
sh.600078 1
sh.600079 1
sh.600080 1
sh.600081 1
sh.600082 1
sh.600083 1
sh.600084 1
sh.600085 1
sh.600088 1
sh.600089 1
sh.600090 1
sh.600091 1
sh.600093 1
sh.600094 1
sh.600095 1
sh.600096 1
sh.600097 1
sh.600098 1
sh.600099 1
sh.600100 1
sh.600101 1
sh.600103 1
sh.600104 1
sh.600105 1
sh.600106 1
sh.600107 1
sh.600108 1
sh.600109 1
sh.600110 1
sh.600111 1
sh.600112 1
sh.600113 1
sh.600114 1
sh.600115 1
sh.600116 1
sh.600117 1
sh.600118 1
sh.600119 1
sh.600120 1
sh.600121 1
sh.600122 1
sh.600123 1
sh.600125 1
sh.600126 1
sh.600127 1
sh.600128 1
sh.600129 1
sh.600130 1
sh.600131 1
sh.600132 1
sh.600133 1
sh.600135 1
sh.600136 1
sh.600137 1
sh.600138 1
sh.600139 1
sh.600141 1
sh.600143 1
sh.600145 1
sh.600146 1
sh.600148 1
sh.600149 1
sh.600150 1
sh.600151 1
sh.600152 1
sh.600153 1
sh.600155 1
sh.600156 1
sh.600157 1
sh.600158 1
sh.600159 1
sh.600160 1
sh.600161 1
sh.600162 1
sh.600163 1
sh.600165 1
sh.600166 1
sh.600167 1
sh.600168 1
sh.600169 1
sh.600170 1
sh.600171 1
sh.600172 1
sh.600173 1
sh.600176 1
sh.600177 1
sh.600178 1
sh.600179 1
sh.600180 1
sh.600182 1
sh.600183 1
sh.600184 1
sh.600185 1
sh.600186 1
sh.600187 1
sh.600188 1
sh.600189 1
sh.600190 1
sh.600191 1
sh.600192 1
sh.600193 1
sh.600195 1
sh.600196 1
sh.600197 1
sh.600198 1
sh.600199 1
sh.600200 1
sh.600201 1
sh.600202 1
sh.600203 1
sh.600206 1
sh.600207 1
sh.600208 1
sh.600209 1
sh.600210 1
sh.600211 1
sh.600212 1
sh.600213 1
sh.600215 1
sh.600216 1
sh.600217 1
sh.600218 1
sh.600219 1
sh.600220 1
sh.600221 1
sh.600222 1
sh.600223 1
sh.600225 1
sh.600226 1
sh.600227 1
sh.600228 1
sh.600229 1
sh.600230 1
sh.600231 1
sh.600232 1
sh.600233 1
sh.600234 1
sh.600235 1
sh.600236 1
sh.600237 1
sh.600238 1
sh.600239 1
sh.600241 1
sh.600242 1
sh.600243 1
sh.600246 1
sh.600248 1
sh.600249 1
sh.600250 1
sh.600251 1
sh.600252 1
sh.600255 1
sh.600256 1
sh.600257 1
sh.600258 1
sh.600259 1
sh.600260 1
sh.600261 1
sh.600262 1
sh.600265 1
sh.600266 1
sh.600267 1
sh.600268 1
sh.600269 1
sh.600271 1
sh.600272 1
sh.600273 1
sh.600275 1
sh.600276 1
sh.600277 1
sh.600278 1
sh.600279 1
sh.600280 1
sh.600281 1
sh.600282 1
sh.600283 1
sh.600284 1
sh.600285 1
sh.600287 1
sh.600288 1
sh.600289 1
sh.600290 1
sh.600291 1
sh.600292 1
sh.600293 1
sh.600295 1
sh.600297 1
sh.600298 1
sh.600299 1
sh.600300 1
sh.600301 1
sh.600302 1
sh.600303 1
sh.600305 1
sh.600306 1
sh.600307 1
sh.600308 1
sh.600309 1
sh.600310 1
sh.600311 1
sh.600312 1
sh.600313 1
sh.600315 1
sh.600316 1
sh.600318 1
sh.600319 1
sh.600320 1
sh.600321 1
sh.600322 1
sh.600323 1
sh.600325 1
sh.600326 1
sh.600327 1
sh.600328 1
sh.600329 1
sh.600330 1
sh.600331 1
sh.600332 1
sh.600333 1
sh.600335 1
sh.600336 1
sh.600337 1
sh.600338 1
sh.600339 1
sh.600340 1
sh.600343 1
sh.600345 1
sh.600346 1
sh.600348 1
sh.600350 1
sh.600351 1
sh.600352 1
sh.600353 1
sh.600354 1
sh.600355 1
sh.600356 1
sh.600358 1
sh.600359 1
sh.600360 1
sh.600361 1
sh.600362 1
sh.600363 1
sh.600365 1
sh.600366 1
sh.600367 1
sh.600368 1
sh.600369 1
sh.600370 1
sh.600371 1
sh.600372 1
sh.600373 1
sh.600375 1
sh.600376 1
sh.600377 1
sh.600378 1
sh.600379 1
sh.600380 1
sh.600381 1
sh.600382 1
sh.600383 1
sh.600385 1
sh.600386 1
sh.600387 1
sh.600388 1
sh.600389 1
sh.600390 1
sh.600391 1
sh.600392 1
sh.600393 1
sh.600395 1
sh.600396 1
sh.600397 1
sh.600398 1
sh.600399 1
sh.600400 1
sh.600403 1
sh.600405 1
sh.600406 1
sh.600408 1
sh.600409 1
sh.600410 1
sh.600415 1
sh.600416 1
sh.600418 1
sh.600419 1
sh.600420 1
sh.600421 1
sh.600422 1
sh.600423 1
sh.600425 1
sh.600426 1
sh.600428 1
sh.600429 1
sh.600433 1
sh.600435 1
sh.600436 1
sh.600438 1
sh.600439 1
sh.600444 1
sh.600446 1
sh.600448 1
sh.600449 1
sh.600452 1
sh.600455 1
sh.600456 1
sh.600458 1
sh.600459 1
sh.600460 1
sh.600461 1
sh.600462 1
sh.600463 1
sh.600466 1
sh.600467 1
sh.600468 1
sh.600469 1
sh.600470 1
sh.600475 1
sh.600476 1
sh.600477 1
sh.600478 1
sh.600479 1
sh.600480 1
sh.600481 1
sh.600482 1
sh.600483 1
sh.600486 1
sh.600487 1
sh.600488 1
sh.600489 1
sh.600490 1
sh.600491 1
sh.600493 1
sh.600495 1
sh.600496 1
sh.600497 1
sh.600498 1
sh.600499 1
sh.600500 1
sh.600501 1
sh.600502 1
sh.600503 1
sh.600505 1
sh.600506 1
sh.600507 1
sh.600508 1
sh.600509 1
sh.600510 1
sh.600511 1
sh.600512 1
sh.600513 1
sh.600515 1
sh.600516 1
sh.600517 1
sh.600518 1
sh.600519 1
sh.600520 1
sh.600521 1
sh.600522 1
sh.600523 1
sh.600525 1
sh.600526 1
sh.600527 1
sh.600528 1
sh.600529 1
sh.600530 1
sh.600531 1
sh.600532 1
sh.600533 1
sh.600535 1
sh.600536 1
sh.600537 1
sh.600538 1
sh.600539 1
sh.600540 1
sh.600543 1
sh.600545 1
sh.600546 1
sh.600547 1
sh.600548 1
sh.600549 1
sh.600550 1
sh.600551 1
sh.600552 1
sh.600555 1
sh.600556 1
sh.600557 1
sh.600558 1
sh.600559 1
sh.600560 1
sh.600561 1
sh.600562 1
sh.600563 1
sh.600565 1
sh.600566 1
sh.600567 1
sh.600568 1
sh.600569 1
sh.600570 1
sh.600571 1
sh.600572 1
sh.600573 1
sh.600575 1
sh.600576 1
sh.600577 1
sh.600578 1
sh.600579 1
sh.600580 1
sh.600581 1
sh.600582 1
sh.600583 1
sh.600584 1
sh.600585 1
sh.600586 1
sh.600587 1
sh.600588 1
sh.600589 1
sh.600590 1
sh.600592 1
sh.600593 1
sh.600594 1
sh.600595 1
sh.600596 1
sh.600597 1
sh.600598 1
sh.600599 1
sh.600600 1
sh.600601 1
sh.600602 1
sh.600603 1
sh.600604 1
sh.600605 1
sh.600606 1
sh.600608 1
sh.600609 1
sh.600610 1
sh.600611 1
sh.600612 1
sh.600613 1
sh.600615 1
sh.600616 1
sh.600617 1
sh.600618 1
sh.600619 1
sh.600620 1
sh.600621 1
sh.600622 1
sh.600623 1
sh.600624 1
sh.600626 1
sh.600628 1
sh.600629 1
sh.600630 1
sh.600633 1
sh.600635 1
sh.600636 1
sh.600637 1
sh.600638 1
sh.600639 1
sh.600640 1
sh.600641 1
sh.600642 1
sh.600643 1
sh.600644 1
sh.600645 1
sh.600647 1
sh.600648 1
sh.600649 1
sh.600650 1
sh.600651 1
sh.600652 1
sh.600653 1
sh.600654 1
sh.600655 1
sh.600657 1
sh.600658 1
sh.600660 1
sh.600661 1
sh.600662 1
sh.600663 1
sh.600664 1
sh.600665 1
sh.600666 1
sh.600667 1
sh.600668 1
sh.600671 1
sh.600673 1
sh.600674 1
sh.600675 1
sh.600676 1
sh.600678 1
sh.600679 1
sh.600681 1
sh.600682 1
sh.600683 1
sh.600684 1
sh.600685 1
sh.600686 1
sh.600688 1
sh.600689 1
sh.600690 1
sh.600691 1
sh.600692 1
sh.600693 1
sh.600694 1
sh.600695 1
sh.600696 1
sh.600697 1
sh.600698 1
sh.600699 1
sh.600702 1
sh.600703 1
sh.600704 1
sh.600705 1
sh.600706 1
sh.600707 1
sh.600708 1
sh.600710 1
sh.600711 1
sh.600712 1
sh.600713 1
sh.600714 1
sh.600715 1
sh.600716 1
sh.600717 1
sh.600718 1
sh.600719 1
sh.600720 1
sh.600721 1
sh.600722 1
sh.600724 1
sh.600725 1
sh.600726 1
sh.600727 1
sh.600728 1
sh.600729 1
sh.600730 1
sh.600731 1
sh.600732 1
sh.600733 1
sh.600734 1
sh.600735 1
sh.600736 1
sh.600737 1
sh.600738 1
sh.600739 1
sh.600740 1
sh.600741 1
sh.600742 1
sh.600743 1
sh.600744 1
sh.600745 1
sh.600746 1
sh.600748 1
sh.600749 1
sh.600750 1
sh.600751 1
sh.600753 1
sh.600754 1
sh.600755 1
sh.600756 1
sh.600757 1
sh.600758 1
sh.600759 1
sh.600760 1
sh.600761 1
sh.600763 1
sh.600764 1
sh.600765 1
sh.600766 1
sh.600767 1
sh.600768 1
sh.600769 1
sh.600770 1
sh.600771 1
sh.600773 1
sh.600774 1
sh.600775 1
sh.600776 1
sh.600777 1
sh.600778 1
sh.600779 1
sh.600780 1
sh.600781 1
sh.600782 1
sh.600783 1
sh.600784 1
sh.600785 1
sh.600787 1
sh.600789 1
sh.600790 1
sh.600791 1
sh.600792 1
sh.600793 1
sh.600794 1
sh.600795 1
sh.600796 1
sh.600797 1
sh.600798 1
sh.600800 1
sh.600801 1
sh.600802 1
sh.600803 1
sh.600804 1
sh.600805 1
sh.600807 1
sh.600808 1
sh.600809 1
sh.600810 1
sh.600811 1
sh.600812 1
sh.600814 1
sh.600815 1
sh.600816 1
sh.600817 1
sh.600818 1
sh.600819 1
sh.600820 1
sh.600821 1
sh.600822 1
sh.600823 1
sh.600824 1
sh.600825 1
sh.600826 1
sh.600827 1
sh.600828 1
sh.600829 1
sh.600830 1
sh.600831 1
sh.600833 1
sh.600834 1
sh.600835 1
sh.600836 1
sh.600837 1
sh.600838 1
sh.600839 1
sh.600841 1
sh.600843 1
sh.600844 1
sh.600845 1
sh.600846 1
sh.600847 1
sh.600848 1
sh.600850 1
sh.600851 1
sh.600853 1
sh.600854 1
sh.600855 1
sh.600856 1
sh.600857 1
sh.600858 1
sh.600859 1
sh.600860 1
sh.600861 1
sh.600862 1
sh.600863 1
sh.600864 1
sh.600865 1
sh.600866 1
sh.600867 1
sh.600868 1
sh.600869 1
sh.600870 1
sh.600871 1
sh.600872 1
sh.600873 1
sh.600874 1
sh.600875 1
sh.600876 1
sh.600877 1
sh.600879 1
sh.600880 1
sh.600881 1
sh.600882 1
sh.600883 1
sh.600884 1
sh.600885 1
sh.600886 1
sh.600887 1
sh.600888 1
sh.600889 1
sh.600890 1
sh.600892 1
sh.600893 1
sh.600894 1
sh.600895 1
sh.600896 1
sh.600897 1
sh.600898 1
sh.600900 1
sh.600901 1
sh.600903 1
sh.600905 1
sh.600906 1
sh.600908 1
sh.600909 1
sh.600916 1
sh.600917 1
sh.600918 1
sh.600919 1
sh.600926 1
sh.600927 1
sh.600928 1
sh.600929 1
sh.600933 1
sh.600935 1
sh.600936 1
sh.600939 1
sh.600941 1
sh.600955 1
sh.600956 1
sh.600958 1
sh.600959 1
sh.600960 1
sh.600961 1
sh.600962 1
sh.600963 1
sh.600965 1
sh.600966 1
sh.600967 1
sh.600968 1
sh.600969 1
sh.600970 1
sh.600971 1
sh.600973 1
sh.600975 1
sh.600976 1
sh.600977 1
sh.600979 1
sh.600980 1
sh.600981 1
sh.600982 1
sh.600983 1
sh.600984 1
sh.600985 1
sh.600986 1
sh.600987 1
sh.600988 1
sh.600989 1
sh.600990 1
sh.600992 1
sh.600993 1
sh.600995 1
sh.600996 1
sh.600997 1
sh.600998 1
sh.600999 1
sh.601000 1
sh.601001 1
sh.601002 1
sh.601003 1
sh.601005 1
sh.601006 1
sh.601007 1
sh.601008 1
sh.601009 1
sh.601010 1
sh.601011 1
sh.601012 1
sh.601015 1
sh.601016 1
sh.601018 1
sh.601019 1
sh.601020 1
sh.601021 1
sh.601028 1
sh.601038 1
sh.601058 1
sh.601066 1
sh.601068 1
sh.601069 1
sh.601077 1
sh.601086 1
sh.601088 1
sh.601098 1
sh.601099 1
sh.601100 1
sh.601101 1
sh.601106 1
sh.601107 1
sh.601108 1
sh.601111 1
sh.601113 1
sh.601116 1
sh.601117 1
sh.601118 1
sh.601126 1
sh.601127 1
sh.601128 1
sh.601137 1
sh.601138 1
sh.601139 1
sh.601155 1
sh.601156 1
sh.601158 1
sh.601162 1
sh.601163 1
sh.601166 1
sh.601168 1
sh.601169 1
sh.601177 1
sh.601179 1
sh.601186 1
sh.601187 1
sh.601188 1
sh.601198 1
sh.601199 1
sh.601200 1
sh.601208 1
sh.601211 1
sh.601212 1
sh.601216 1
sh.601218 1
sh.601222 1
sh.601225 1
sh.601226 1
sh.601228 1
sh.601229 1
sh.601231 1
sh.601233 1
sh.601236 1
sh.601238 1
sh.601258 1
sh.601279 1
sh.601288 1
sh.601298 1
sh.601311 1
sh.601318 1
sh.601319 1
sh.601326 1
sh.601328 1
sh.601330 1
sh.601333 1
sh.601336 1
sh.601339 1
sh.601360 1
sh.601366 1
sh.601368 1
sh.601369 1
sh.601375 1
sh.601377 1
sh.601388 1
sh.601390 1
sh.601398 1
sh.601399 1
sh.601456 1
sh.601500 1
sh.601512 1
sh.601515 1
sh.601518 1
sh.601519 1
sh.601528 1
sh.601555 1
sh.601566 1
sh.601567 1
sh.601568 1
sh.601577 1
sh.601579 1
sh.601588 1
sh.601595 1
sh.601598 1
sh.601599 1
sh.601600 1
sh.601601 1
sh.601606 1
sh.601607 1
sh.601608 1
sh.601609 1
sh.601611 1
sh.601615 1
sh.601616 1
sh.601618 1
sh.601619 1
sh.601628 1
sh.601633 1
sh.601636 1
sh.601658 1
sh.601665 1
sh.601666 1
sh.601668 1
sh.601669 1
sh.601677 1
sh.601678 1
sh.601686 1
sh.601688 1
sh.601689 1
sh.601696 1
sh.601698 1
sh.601699 1
sh.601700 1
sh.601702 1
sh.601717 1
sh.601718 1
sh.601727 1
sh.601728 1
sh.601766 1
sh.601777 1
sh.601778 1
sh.601788 1
sh.601789 1
sh.601798 1
sh.601799 1
sh.601800 1
sh.601801 1
sh.601808 1
sh.601811 1
sh.601816 1
sh.601818 1
sh.601825 1
sh.601827 1
sh.601828 1
sh.601838 1
sh.601857 1
sh.601858 1
sh.601860 1
sh.601865 1
sh.601866 1
sh.601868 1
sh.601869 1
sh.601872 1
sh.601877 1
sh.601878 1
sh.601880 1
sh.601881 1
sh.601882 1
sh.601886 1
sh.601888 1
sh.601890 1
sh.601898 1
sh.601899 1
sh.601900 1
sh.601901 1
sh.601908 1
sh.601916 1
sh.601918 1
sh.601919 1
sh.601921 1
sh.601928 1
sh.601929 1
sh.601933 1
sh.601939 1
sh.601949 1
sh.601952 1
sh.601956 1
sh.601958 1
sh.601963 1
sh.601965 1
sh.601966 1
sh.601968 1
sh.601969 1
sh.601975 1
sh.601985 1
sh.601988 1
sh.601989 1
sh.601990 1
sh.601991 1
sh.601992 1
sh.601995 1
sh.601996 1
sh.601997 1
sh.601998 1
sh.601999 1
sh.603000 1
sh.603001 1
sh.603002 1
sh.603003 1
sh.603005 1
sh.603006 1
sh.603007 1
sh.603008 1
sh.603009 1
sh.603010 1
sh.603011 1
sh.603012 1
sh.603013 1
sh.603015 1
sh.603016 1
sh.603017 1
sh.603018 1
sh.603019 1
sh.603020 1
sh.603021 1
sh.603022 1
sh.603023 1
sh.603025 1
sh.603026 1
sh.603027 1
sh.603028 1
sh.603029 1
sh.603030 1
sh.603031 1
sh.603032 1
sh.603033 1
sh.603035 1
sh.603036 1
sh.603037 1
sh.603038 1
sh.603039 1
sh.603040 1
sh.603041 1
sh.603042 1
sh.603043 1
sh.603045 1
sh.603048 1
sh.603050 1
sh.603053 1
sh.603055 1
sh.603056 1
sh.603058 1
sh.603059 1
sh.603060 1
sh.603063 1
sh.603066 1
sh.603067 1
sh.603068 1
sh.603069 1
sh.603071 1
sh.603076 1
sh.603077 1
sh.603078 1
sh.603079 1
sh.603080 1
sh.603081 1
sh.603083 1
sh.603085 1
sh.603086 1
sh.603087 1
sh.603088 1
sh.603089 1
sh.603090 1
sh.603093 1
sh.603095 1
sh.603096 1
sh.603098 1
sh.603099 1
sh.603100 1
sh.603101 1
sh.603102 1
sh.603103 1
sh.603105 1
sh.603106 1
sh.603108 1
sh.603109 1
sh.603110 1
sh.603111 1
sh.603112 1
sh.603113 1
sh.603115 1
sh.603116 1
sh.603117 1
sh.603118 1
sh.603121 1
sh.603122 1
sh.603123 1
sh.603126 1
sh.603127 1
sh.603128 1
sh.603129 1
sh.603131 1
sh.603132 1
sh.603133 1
sh.603136 1
sh.603138 1
sh.603139 1
sh.603150 1
sh.603155 1
sh.603156 1
sh.603157 1
sh.603158 1
sh.603159 1
sh.603160 1
sh.603161 1
sh.603165 1
sh.603166 1
sh.603167 1
sh.603168 1
sh.603169 1
sh.603171 1
sh.603176 1
sh.603177 1
sh.603178 1
sh.603179 1
sh.603180 1
sh.603181 1
sh.603183 1
sh.603185 1
sh.603186 1
sh.603187 1
sh.603188 1
sh.603189 1
sh.603192 1
sh.603195 1
sh.603196 1
sh.603197 1
sh.603198 1
sh.603199 1
sh.603200 1
sh.603203 1
sh.603208 1
sh.603212 1
sh.603213 1
sh.603214 1
sh.603215 1
sh.603216 1
sh.603217 1
sh.603218 1
sh.603219 1
sh.603220 1
sh.603221 1
sh.603222 1
sh.603223 1
sh.603225 1
sh.603226 1
sh.603227 1
sh.603228 1
sh.603229 1
sh.603230 1
sh.603232 1
sh.603233 1
sh.603236 1
sh.603238 1
sh.603239 1
sh.603256 1
sh.603258 1
sh.603259 1
sh.603260 1
sh.603266 1
sh.603267 1
sh.603268 1
sh.603269 1
sh.603277 1
sh.603278 1
sh.603279 1
sh.603283 1
sh.603286 1
sh.603288 1
sh.603289 1
sh.603290 1
sh.603297 1
sh.603298 1
sh.603299 1
sh.603300 1
sh.603301 1
sh.603303 1
sh.603305 1
sh.603306 1
sh.603308 1
sh.603309 1
sh.603311 1
sh.603313 1
sh.603315 1
sh.603316 1
sh.603317 1
sh.603318 1
sh.603319 1
sh.603320 1
sh.603321 1
sh.603322 1
sh.603323 1
sh.603324 1
sh.603326 1
sh.603327 1
sh.603328 1
sh.603329 1
sh.603330 1
sh.603331 1
sh.603332 1
sh.603333 1
sh.603335 1
sh.603336 1
sh.603337 1
sh.603338 1
sh.603339 1
sh.603345 1
sh.603348 1
sh.603351 1
sh.603353 1
sh.603355 1
sh.603356 1
sh.603357 1
sh.603358 1
sh.603359 1
sh.603360 1
sh.603363 1
sh.603365 1
sh.603366 1
sh.603367 1
sh.603368 1
sh.603369 1
sh.603377 1
sh.603378 1
sh.603379 1
sh.603380 1
sh.603383 1
sh.603385 1
sh.603386 1
sh.603387 1
sh.603388 1
sh.603389 1
sh.603390 1
sh.603392 1
sh.603393 1
sh.603396 1
sh.603398 1
sh.603399 1
sh.603408 1
sh.603416 1
sh.603421 1
sh.603429 1
sh.603439 1
sh.603444 1
sh.603456 1
sh.603458 1
sh.603466 1
sh.603477 1
sh.603486 1
sh.603488 1
sh.603489 1
sh.603496 1
sh.603499 1
sh.603500 1
sh.603501 1
sh.603505 1
sh.603506 1
sh.603507 1
sh.603508 1
sh.603511 1
sh.603515 1
sh.603516 1
sh.603517 1
sh.603518 1
sh.603519 1
sh.603520 1
sh.603527 1
sh.603528 1
sh.603529 1
sh.603530 1
sh.603533 1
sh.603535 1
sh.603536 1
sh.603538 1
sh.603551 1
sh.603555 1
sh.603556 1
sh.603557 1
sh.603558 1
sh.603559 1
sh.603565 1
sh.603566 1
sh.603567 1
sh.603568 1
sh.603569 1
sh.603577 1
sh.603578 1
sh.603579 1
sh.603580 1
sh.603583 1
sh.603585 1
sh.603586 1
sh.603587 1
sh.603588 1
sh.603589 1
sh.603590 1
sh.603595 1
sh.603596 1
sh.603598 1
sh.603599 1
sh.603600 1
sh.603601 1
sh.603602 1
sh.603603 1
sh.603605 1
sh.603606 1
sh.603607 1
sh.603608 1
sh.603609 1
sh.603610 1
sh.603611 1
sh.603612 1
sh.603613 1
sh.603615 1
sh.603616 1
sh.603617 1
sh.603618 1
sh.603619 1
sh.603626 1
sh.603628 1
sh.603629 1
sh.603630 1
sh.603633 1
sh.603636 1
sh.603637 1
sh.603638 1
sh.603639 1
sh.603648 1
sh.603650 1
sh.603655 1
sh.603656 1
sh.603657 1
sh.603658 1
sh.603659 1
sh.603660 1
sh.603661 1
sh.603662 1
sh.603663 1
sh.603665 1
sh.603666 1
sh.603667 1
sh.603668 1
sh.603669 1
sh.603676 1
sh.603677 1
sh.603678 1
sh.603679 1
sh.603680 1
sh.603681 1
sh.603682 1
sh.603683 1
sh.603685 1
sh.603686 1
sh.603687 1
sh.603688 1
sh.603689 1
sh.603690 1
sh.603693 1
sh.603696 1
sh.603697 1
sh.603698 1
sh.603699 1
sh.603700 1
sh.603701 1
sh.603703 1
sh.603706 1
sh.603707 1
sh.603708 1
sh.603709 1
sh.603711 1
sh.603712 1
sh.603713 1
sh.603716 1
sh.603717 1
sh.603718 1
sh.603719 1
sh.603721 1
sh.603722 1
sh.603725 1
sh.603726 1
sh.603727 1
sh.603728 1
sh.603729 1
sh.603730 1
sh.603733 1
sh.603737 1
sh.603738 1
sh.603739 1
sh.603755 1
sh.603757 1
sh.603758 1
sh.603759 1
sh.603766 1
sh.603767 1
sh.603768 1
sh.603773 1
sh.603776 1
sh.603777 1
sh.603778 1
sh.603779 1
sh.603786 1
sh.603787 1
sh.603788 1
sh.603789 1
sh.603790 1
sh.603797 1
sh.603798 1
sh.603799 1
sh.603800 1
sh.603801 1
sh.603803 1
sh.603806 1
sh.603808 1
sh.603809 1
sh.603810 1
sh.603811 1
sh.603813 1
sh.603815 1
sh.603816 1
sh.603817 1
sh.603818 1
sh.603819 1
sh.603822 1
sh.603823 1
sh.603825 1
sh.603826 1
sh.603828 1
sh.603829 1
sh.603833 1
sh.603836 1
sh.603838 1
sh.603839 1
sh.603843 1
sh.603848 1
sh.603855 1
sh.603856 1
sh.603858 1
sh.603859 1
sh.603860 1
sh.603861 1
sh.603863 1
sh.603866 1
sh.603867 1
sh.603868 1
sh.603869 1
sh.603871 1
sh.603876 1
sh.603877 1
sh.603878 1
sh.603879 1
sh.603880 1
sh.603881 1
sh.603882 1
sh.603883 1
sh.603885 1
sh.603886 1
sh.603887 1
sh.603888 1
sh.603889 1
sh.603890 1
sh.603893 1
sh.603895 1
sh.603896 1
sh.603897 1
sh.603898 1
sh.603899 1
sh.603900 1
sh.603901 1
sh.603903 1
sh.603906 1
sh.603908 1
sh.603909 1
sh.603912 1
sh.603915 1
sh.603916 1
sh.603917 1
sh.603918 1
sh.603919 1
sh.603920 1
sh.603922 1
sh.603926 1
sh.603927 1
sh.603928 1
sh.603929 1
sh.603931 1
sh.603933 1
sh.603936 1
sh.603937 1
sh.603938 1
sh.603939 1
sh.603948 1
sh.603949 1
sh.603950 1
sh.603955 1
sh.603956 1
sh.603958 1
sh.603959 1
sh.603960 1
sh.603963 1
sh.603966 1
sh.603967 1
sh.603968 1
sh.603969 1
sh.603970 1
sh.603976 1
sh.603977 1
sh.603978 1
sh.603979 1
sh.603980 1
sh.603982 1
sh.603983 1
sh.603985 1
sh.603986 1
sh.603987 1
sh.603988 1
sh.603989 1
sh.603990 1
sh.603991 1
sh.603992 1
sh.603993 1
sh.603995 1
sh.603996 1
sh.603997 1
sh.603998 1
sh.603999 1
sh.605001 1
sh.605003 1
sh.605005 1
sh.605006 1
sh.605007 1
sh.605008 1
sh.605009 1
sh.605011 1
sh.605016 1
sh.605018 1
sh.605020 1
sh.605028 1
sh.605033 1
sh.605050 1
sh.605055 1
sh.605056 1
sh.605058 1
sh.605060 1
sh.605066 1
sh.605068 1
sh.605069 1
sh.605077 1
sh.605080 1
sh.605081 1
sh.605086 1
sh.605088 1
sh.605089 1
sh.605090 1
sh.605098 1
logout failed!
sh.605099 1
sh.605100 1
sh.605108 1
sh.605111 1
sh.605116 1
sh.605117 1
sh.605118 1
sh.605122 1
sh.605123 1
sh.605128 1
sh.605133 1
sh.605136 1
sh.605138 1
sh.605151 1
sh.605155 1
sh.605158 1
sh.605162 1
sh.605166 1
sh.605167 1
sh.605168 1
sh.605169 1
sh.605177 1
sh.605178 1
sh.605179 1
sh.605180 1
sh.605183 1
sh.605186 1
sh.605188 1
sh.605189 1
sh.605196 1
sh.605198 1
sh.605199 1
sh.605208 1
sh.605218 1
sh.605222 1
sh.605228 1
sh.605255 1
sh.605258 1
sh.605259 1
sh.605266 1
sh.605268 1
sh.605277 1
sh.605286 1
sh.605287 1
sh.605288 1
sh.605289 1
sh.605296 1
sh.605298 1
sh.605299 1
sh.605300 1
sh.605303 1
sh.605305 1
sh.605318 1
sh.605319 1
sh.605333 1
sh.605336 1
sh.605337 1
sh.605338 1
sh.605339 1
sh.605358 1
sh.605365 1
sh.605366 1
sh.605368 1
sh.605369 1
sh.605376 1
sh.605377 1
sh.605378 1
sh.605388 1
sh.605389 1
sh.605398 1
sh.605399 1
sh.605488 1
sh.605499 1
sh.605500 1
sh.605507 1
sh.605555 1
sh.605566 1
sh.605567 1
sh.605577 1
sh.605580 1
sh.605588 1
sh.605589 1
sh.605598 1
sh.605599 1
sh.688001 1
sh.688002 1
sh.688003 1
sh.688004 1
sh.688005 1
sh.688006 1
sh.688007 1
sh.688008 1
sh.688009 1
sh.688010 1
sh.688011 1
sh.688012 1
sh.688013 1
sh.688015 1
sh.688016 1
sh.688017 1
sh.688018 1
sh.688019 1
sh.688020 1
sh.688021 1
sh.688022 1
sh.688023 1
sh.688025 1
sh.688026 1
sh.688027 1
sh.688028 1
sh.688029 1
sh.688030 1
sh.688032 1
sh.688033 1
sh.688036 1
sh.688037 1
sh.688038 1
sh.688039 1
sh.688049 1
sh.688050 1
sh.688051 1
sh.688055 1
sh.688056 1
sh.688057 1
sh.688058 1
sh.688059 1
sh.688060 1
sh.688062 1
sh.688063 1
sh.688065 1
sh.688066 1
sh.688067 1
sh.688068 1
sh.688069 1
sh.688070 1
sh.688071 1
sh.688075 1
sh.688076 1
sh.688077 1
sh.688078 1
sh.688079 1
sh.688080 1
sh.688081 1
sh.688082 1
sh.688083 1
sh.688085 1
sh.688086 1
sh.688087 1
sh.688088 1
sh.688089 1
sh.688090 1
sh.688091 1
sh.688092 1
sh.688093 1
sh.688095 1
sh.688096 1
sh.688097 1
sh.688098 1
sh.688099 1
sh.688100 1
sh.688101 1
sh.688103 1
sh.688105 1
sh.688106 1
sh.688107 1
sh.688108 1
sh.688109 1
sh.688110 1
sh.688111 1
sh.688112 1
sh.688113 1
sh.688116 1
sh.688117 1
sh.688118 1
sh.688121 1
sh.688122 1
sh.688123 1
sh.688126 1
sh.688127 1
sh.688128 1
sh.688129 1
sh.688131 1
sh.688133 1
sh.688135 1
sh.688136 1
sh.688138 1
sh.688139 1
sh.688148 1
sh.688151 1
sh.688155 1
sh.688156 1
sh.688157 1
sh.688158 1
sh.688159 1
sh.688160 1
sh.688161 1
sh.688162 1
sh.688165 1
sh.688166 1
sh.688167 1
sh.688168 1
sh.688169 1
sh.688171 1
sh.688173 1
sh.688176 1
sh.688177 1
sh.688178 1
sh.688179 1
sh.688180 1
sh.688181 1
sh.688182 1
sh.688183 1
sh.688185 1
sh.688186 1
sh.688187 1
sh.688188 1
sh.688189 1
sh.688190 1
sh.688191 1
sh.688192 1
sh.688195 1
sh.688196 1
sh.688198 1
sh.688199 1
sh.688200 1
sh.688201 1
sh.688202 1
sh.688206 1
sh.688208 1
sh.688210 1
sh.688211 1
sh.688212 1
sh.688215 1
sh.688216 1
sh.688217 1
sh.688218 1
sh.688219 1
sh.688220 1
sh.688221 1
sh.688222 1
sh.688223 1
sh.688225 1
sh.688226 1
sh.688227 1
sh.688228 1
sh.688229 1
sh.688230 1
sh.688232 1
sh.688233 1
sh.688234 1
sh.688235 1
sh.688236 1
sh.688239 1
sh.688246 1
sh.688248 1
sh.688255 1
sh.688256 1
sh.688257 1
sh.688258 1
sh.688259 1
sh.688260 1
sh.688261 1
sh.688262 1
sh.688265 1
sh.688266 1
sh.688267 1
sh.688268 1
sh.688269 1
sh.688270 1
sh.688272 1
sh.688276 1
sh.688277 1
sh.688278 1
sh.688280 1
sh.688281 1
sh.688283 1
sh.688285 1
sh.688286 1
sh.688288 1
sh.688289 1
sh.688296 1
sh.688298 1
sh.688299 1
sh.688300 1
sh.688301 1
sh.688303 1
sh.688305 1
sh.688308 1
sh.688309 1
sh.688310 1
sh.688311 1
sh.688312 1
sh.688313 1
sh.688314 1
sh.688315 1
sh.688316 1
sh.688317 1
sh.688318 1
sh.688319 1
sh.688321 1
sh.688323 1
sh.688328 1
sh.688329 1
sh.688330 1
sh.688333 1
sh.688335 1
sh.688336 1
sh.688338 1
sh.688339 1
sh.688345 1
sh.688350 1
sh.688355 1
sh.688356 1
sh.688357 1
sh.688358 1
sh.688359 1
sh.688360 1
sh.688363 1
sh.688365 1
sh.688366 1
sh.688367 1
sh.688368 1
sh.688369 1
sh.688377 1
sh.688378 1
sh.688379 1
sh.688383 1
sh.688385 1
sh.688386 1
sh.688388 1
sh.688389 1
sh.688390 1
sh.688393 1
sh.688395 1
sh.688396 1
sh.688398 1
sh.688399 1
sh.688408 1
sh.688418 1
sh.688425 1
sh.688456 1
sh.688466 1
sh.688468 1
sh.688488 1
sh.688499 1
sh.688500 1
sh.688501 1
sh.688505 1
sh.688508 1
sh.688509 1
sh.688510 1
sh.688511 1
sh.688513 1
sh.688516 1
sh.688517 1
sh.688518 1
sh.688519 1
sh.688520 1
sh.688521 1
sh.688526 1
sh.688528 1
sh.688529 1
sh.688533 1
sh.688536 1
sh.688538 1
sh.688550 1
sh.688551 1
sh.688553 1
sh.688555 1
sh.688556 1
sh.688557 1
sh.688558 1
sh.688559 1
sh.688560 1
sh.688561 1
sh.688565 1
sh.688566 1
sh.688567 1
sh.688568 1
sh.688569 1
sh.688571 1
sh.688575 1
sh.688577 1
sh.688578 1
sh.688579 1
sh.688580 1
sh.688585 1
sh.688586 1
sh.688588 1
sh.688589 1
sh.688590 1
sh.688595 1
sh.688596 1
sh.688597 1
sh.688598 1
sh.688599 1
sh.688600 1
sh.688601 1
sh.688606 1
sh.688607 1
sh.688608 1
sh.688609 1
sh.688611 1
sh.688613 1
sh.688616 1
sh.688617 1
sh.688618 1
sh.688619 1
sh.688621 1
sh.688622 1
sh.688625 1
sh.688626 1
sh.688628 1
sh.688630 1
sh.688633 1
sh.688636 1
sh.688639 1
sh.688655 1
sh.688656 1
sh.688658 1
sh.688659 1
sh.688660 1
sh.688661 1
sh.688662 1
sh.688663 1
sh.688665 1
sh.688667 1
sh.688668 1
sh.688669 1
sh.688670 1
sh.688676 1
sh.688677 1
sh.688678 1
sh.688679 1
sh.688680 1
sh.688681 1
sh.688682 1
sh.688683 1
sh.688685 1
sh.688686 1
sh.688687 1
sh.688689 1
sh.688690 1
sh.688696 1
sh.688697 1
sh.688698 1
sh.688699 1
sh.688700 1
sh.688701 1
sh.688707 1
sh.688711 1
sh.688718 1
sh.688722 1
sh.688728 1
sh.688733 1
sh.688737 1
sh.688739 1
sh.688766 1
sh.688767 1
sh.688768 1
sh.688772 1
sh.688776 1
sh.688777 1
sh.688778 1
sh.688779 1
sh.688786 1
sh.688787 1
sh.688788 1
sh.688789 1
sh.688793 1
sh.688798 1
sh.688799 1
sh.688800 1
sh.688819 1
sh.688981 1
sh.689009 1
sz.000001 1
sz.000002 1
sz.000004 1
sz.000005 1
sz.000006 1
sz.000007 1
sz.000008 1
sz.000009 1
sz.000010 1
sz.000011 1
sz.000012 1
sz.000014 1
sz.000016 1
sz.000017 1
sz.000019 1
sz.000020 1
sz.000021 1
sz.000023 1
sz.000025 1
sz.000026 1
sz.000027 1
sz.000028 1
sz.000029 1
sz.000030 1
sz.000031 1
sz.000032 1
sz.000034 1
sz.000035 1
sz.000036 1
sz.000037 1
sz.000038 1
sz.000039 1
sz.000040 1
sz.000042 1
sz.000045 1
sz.000046 1
sz.000048 1
sz.000049 1
sz.000050 1
sz.000055 1
sz.000056 1
sz.000058 1
sz.000059 1
sz.000060 1
sz.000061 1
sz.000062 1
sz.000063 1
sz.000065 1
sz.000066 1
sz.000068 1
sz.000069 1
sz.000070 1
sz.000078 1
sz.000088 1
sz.000089 1
sz.000090 1
sz.000096 1
sz.000099 1
sz.000100 1
sz.000150 1
sz.000151 1
sz.000153 1
sz.000155 1
sz.000156 1
sz.000157 1
sz.000158 1
sz.000159 1
sz.000166 1
sz.000301 1
sz.000333 1
sz.000338 1
sz.000400 1
sz.000401 1
sz.000402 1
sz.000403 1
sz.000404 1
sz.000407 1
sz.000408 1
sz.000409 1
sz.000410 1
sz.000411 1
sz.000413 1
sz.000415 1
sz.000416 1
sz.000417 1
sz.000419 1
sz.000420 1
sz.000421 1
sz.000422 1
sz.000423 1
sz.000425 1
sz.000426 1
sz.000428 1
sz.000429 1
sz.000430 1
sz.000488 1
sz.000498 1
sz.000501 1
sz.000502 1
sz.000503 1
sz.000504 1
sz.000505 1
sz.000506 1
sz.000507 1
sz.000509 1
sz.000510 1
sz.000513 1
sz.000514 1
sz.000516 1
sz.000517 1
sz.000518 1
sz.000519 1
sz.000520 1
sz.000521 1
sz.000523 1
sz.000524 1
sz.000525 1
sz.000526 1
sz.000528 1
sz.000529 1
sz.000530 1
sz.000531 1
sz.000532 1
sz.000533 1
sz.000534 1
sz.000536 1
sz.000537 1
sz.000538 1
sz.000539 1
sz.000540 1
sz.000541 1
sz.000543 1
sz.000544 1
sz.000545 1
sz.000546 1
sz.000547 1
sz.000548 1
sz.000550 1
sz.000551 1
sz.000552 1
sz.000553 1
sz.000554 1
sz.000555 1
sz.000557 1
sz.000558 1
sz.000559 1
sz.000560 1
sz.000561 1
sz.000563 1
sz.000564 1
sz.000565 1
sz.000566 1
sz.000567 1
sz.000568 1
sz.000570 1
sz.000571 1
sz.000572 1
sz.000573 1
sz.000576 1
sz.000581 1
sz.000582 1
sz.000584 1
sz.000585 1
sz.000586 1
sz.000587 1
sz.000589 1
sz.000590 1
sz.000591 1
sz.000592 1
sz.000593 1
sz.000595 1
sz.000596 1
sz.000597 1
sz.000598 1
sz.000599 1
sz.000600 1
sz.000601 1
sz.000603 1
sz.000605 1
sz.000606 1
sz.000607 1
sz.000608 1
sz.000609 1
sz.000610 1
sz.000611 1
sz.000612 1
sz.000613 1
sz.000615 1
sz.000616 1
sz.000617 1
sz.000619 1
sz.000620 1
sz.000622 1
sz.000623 1
sz.000625 1
sz.000626 1
sz.000627 1
sz.000628 1
sz.000629 1
sz.000630 1
sz.000631 1
sz.000632 1
sz.000633 1
sz.000635 1
sz.000636 1
sz.000637 1
sz.000638 1
sz.000639 1
sz.000650 1
sz.000651 1
sz.000652 1
sz.000655 1
sz.000656 1
sz.000657 1
sz.000659 1
sz.000661 1
sz.000663 1
sz.000665 1
sz.000666 1
sz.000667 1
sz.000668 1
sz.000669 1
sz.000670 1
sz.000671 1
sz.000672 1
sz.000673 1
sz.000676 1
sz.000677 1
sz.000678 1
sz.000679 1
sz.000680 1
sz.000681 1
sz.000682 1
sz.000683 1
sz.000685 1
sz.000686 1
sz.000687 1
sz.000688 1
sz.000690 1
sz.000691 1
sz.000692 1
sz.000695 1
sz.000697 1
sz.000698 1
sz.000700 1
sz.000701 1
sz.000702 1
sz.000703 1
sz.000705 1
sz.000707 1
sz.000708 1
sz.000709 1
sz.000710 1
sz.000711 1
sz.000712 1
sz.000713 1
sz.000715 1
sz.000716 1
sz.000717 1
sz.000718 1
sz.000719 1
sz.000720 1
sz.000721 1
sz.000722 1
sz.000723 1
sz.000725 1
sz.000726 1
sz.000727 1
sz.000728 1
sz.000729 1
sz.000731 1
sz.000732 1
sz.000733 1
sz.000735 1
sz.000736 1
sz.000737 1
sz.000738 1
sz.000739 1
sz.000750 1
sz.000751 1
sz.000752 1
sz.000753 1
sz.000755 1
sz.000756 1
sz.000757 1
sz.000758 1
sz.000759 1
sz.000761 1
sz.000762 1
sz.000766 1
sz.000767 1
sz.000768 1
sz.000776 1
sz.000777 1
sz.000778 1
sz.000779 1
sz.000782 1
sz.000783 1
sz.000785 1
sz.000786 1
sz.000788 1
sz.000789 1
sz.000790 1
sz.000791 1
sz.000792 1
sz.000793 1
sz.000795 1
sz.000796 1
sz.000797 1
sz.000798 1
sz.000799 1
sz.000800 1
sz.000801 1
sz.000802 1
sz.000803 1
sz.000806 1
sz.000807 1
sz.000809 1
sz.000810 1
sz.000811 1
sz.000812 1
sz.000813 1
sz.000815 1
sz.000816 1
sz.000818 1
sz.000819 1
sz.000820 1
sz.000821 1
sz.000822 1
sz.000823 1
sz.000825 1
sz.000826 1
sz.000828 1
sz.000829 1
sz.000830 1
sz.000831 1
sz.000833 1
sz.000835 1
sz.000836 1
sz.000837 1
sz.000838 1
sz.000839 1
sz.000848 1
sz.000850 1
sz.000851 1
sz.000852 1
sz.000856 1
sz.000858 1
sz.000859 1
sz.000860 1
sz.000861 1
sz.000862 1
sz.000863 1
sz.000868 1
sz.000869 1
sz.000875 1
sz.000876 1
sz.000877 1
sz.000878 1
sz.000880 1
sz.000881 1
sz.000882 1
sz.000883 1
sz.000885 1
sz.000886 1
sz.000887 1
sz.000888 1
sz.000889 1
sz.000890 1
sz.000892 1
sz.000893 1
sz.000895 1
sz.000897 1
sz.000898 1
sz.000899 1
sz.000900 1
sz.000901 1
sz.000902 1
sz.000903 1
sz.000905 1
sz.000906 1
sz.000908 1
sz.000909 1
sz.000910 1
sz.000911 1
sz.000912 1
sz.000913 1
sz.000915 1
sz.000917 1
sz.000918 1
sz.000919 1
sz.000920 1
sz.000921 1
sz.000922 1
sz.000923 1
sz.000925 1
sz.000926 1
sz.000927 1
sz.000928 1
sz.000929 1
sz.000930 1
sz.000931 1
sz.000932 1
sz.000933 1
sz.000935 1
sz.000936 1
sz.000937 1
sz.000938 1
sz.000948 1
sz.000949 1
sz.000950 1
sz.000951 1
sz.000952 1
sz.000953 1
sz.000955 1
sz.000957 1
sz.000958 1
sz.000959 1
sz.000960 1
sz.000961 1
sz.000962 1
sz.000963 1
sz.000965 1
sz.000966 1
sz.000967 1
sz.000968 1
sz.000969 1
sz.000970 1
sz.000971 1
sz.000972 1
sz.000973 1
sz.000975 1
sz.000976 1
sz.000977 1
sz.000978 1
sz.000980 1
sz.000981 1
sz.000982 1
sz.000983 1
sz.000985 1
sz.000987 1
sz.000988 1
sz.000989 1
sz.000990 1
sz.000993 1
sz.000995 1
sz.000996 1
sz.000997 1
sz.000998 1
sz.000999 1
sz.001201 1
sz.001202 1
sz.001203 1
sz.001205 1
sz.001206 1
sz.001207 1
sz.001208 1
sz.001209 1
sz.001210 1
sz.001211 1
sz.001212 1
sz.001213 1
sz.001215 1
sz.001216 1
sz.001217 1
sz.001218 1
sz.001219 1
sz.001227 1
sz.001234 1
sz.001266 1
sz.001267 1
sz.001288 1
sz.001289 1
sz.001296 1
sz.001313 1
sz.001317 1
sz.001696 1
sz.001872 1
sz.001896 1
sz.001914 1
sz.001965 1
sz.001979 1
sz.002001 1
sz.002002 1
sz.002003 1
sz.002004 1
sz.002005 1
sz.002006 1
sz.002007 1
sz.002008 1
sz.002009 1
sz.002010 1
sz.002011 1
sz.002012 1
sz.002013 1
sz.002014 1
sz.002015 1
sz.002016 1
sz.002017 1
sz.002019 1
sz.002020 1
sz.002021 1
sz.002022 1
sz.002023 1
sz.002024 1
sz.002025 1
sz.002026 1
sz.002027 1
sz.002028 1
sz.002029 1
sz.002030 1
sz.002031 1
sz.002032 1
sz.002033 1
sz.002034 1
sz.002035 1
sz.002036 1
sz.002037 1
sz.002038 1
sz.002039 1
sz.002040 1
sz.002041 1
sz.002042 1
sz.002043 1
sz.002044 1
sz.002045 1
sz.002046 1
sz.002047 1
sz.002048 1
sz.002049 1
sz.002050 1
sz.002051 1
sz.002052 1
sz.002053 1
sz.002054 1
sz.002055 1
sz.002056 1
sz.002057 1
sz.002058 1
sz.002059 1
sz.002060 1
sz.002061 1
sz.002062 1
sz.002063 1
sz.002064 1
sz.002065 1
sz.002066 1
sz.002067 1
sz.002068 1
sz.002069 1
sz.002072 1
sz.002073 1
sz.002074 1
sz.002075 1
sz.002076 1
sz.002077 1
sz.002078 1
sz.002079 1
sz.002080 1
sz.002081 1
sz.002082 1
sz.002083 1
sz.002084 1
sz.002085 1
sz.002086 1
sz.002087 1
sz.002088 1
sz.002089 1
sz.002090 1
sz.002091 1
sz.002092 1
sz.002093 1
sz.002094 1
sz.002095 1
sz.002096 1
sz.002097 1
sz.002098 1
sz.002099 1
sz.002100 1
sz.002101 1
sz.002102 1
sz.002103 1
sz.002104 1
sz.002105 1
sz.002106 1
sz.002107 1
sz.002108 1
sz.002109 1
sz.002110 1
sz.002111 1
sz.002112 1
sz.002113 1
sz.002114 1
sz.002115 1
sz.002116 1
sz.002117 1
sz.002118 1
sz.002119 1
sz.002120 1
sz.002121 1
sz.002122 1
sz.002123 1
sz.002124 1
sz.002125 1
sz.002126 1
sz.002127 1
sz.002128 1
sz.002129 1
sz.002130 1
sz.002131 1
sz.002132 1
sz.002133 1
sz.002134 1
sz.002135 1
sz.002136 1
sz.002137 1
sz.002138 1
sz.002139 1
sz.002140 1
sz.002141 1
sz.002142 1
sz.002144 1
sz.002145 1
sz.002146 1
sz.002147 1
sz.002148 1
sz.002149 1
sz.002150 1
sz.002151 1
sz.002152 1
sz.002153 1
sz.002154 1
sz.002155 1
sz.002156 1
sz.002157 1
sz.002158 1
sz.002159 1
sz.002160 1
sz.002161 1
sz.002162 1
sz.002163 1
sz.002164 1
sz.002165 1
sz.002166 1
sz.002167 1
sz.002168 1
sz.002169 1
sz.002170 1
sz.002171 1
sz.002172 1
sz.002173 1
sz.002174 1
sz.002175 1
sz.002176 1
sz.002177 1
sz.002178 1
sz.002179 1
sz.002180 1
sz.002181 1
sz.002182 1
sz.002183 1
sz.002184 1
sz.002185 1
sz.002186 1
sz.002187 1
sz.002188 1
sz.002189 1
sz.002190 1
sz.002191 1
sz.002192 1
sz.002193 1
sz.002194 1
sz.002195 1
sz.002196 1
sz.002197 1
sz.002198 1
sz.002199 1
sz.002200 1
sz.002201 1
sz.002202 1
sz.002203 1
sz.002204 1
sz.002205 1
sz.002206 1
sz.002207 1
sz.002208 1
sz.002209 1
sz.002210 1
sz.002211 1
sz.002212 1
sz.002213 1
sz.002214 1
sz.002215 1
sz.002216 1
sz.002217 1
sz.002218 1
sz.002219 1
sz.002221 1
sz.002222 1
sz.002223 1
sz.002224 1
sz.002225 1
sz.002226 1
sz.002227 1
sz.002228 1
sz.002229 1
sz.002230 1
sz.002231 1
sz.002232 1
sz.002233 1
sz.002234 1
sz.002235 1
sz.002236 1
sz.002237 1
sz.002238 1
sz.002239 1
sz.002240 1
sz.002241 1
sz.002242 1
sz.002243 1
sz.002244 1
sz.002245 1
sz.002246 1
sz.002247 1
sz.002248 1
sz.002249 1
sz.002250 1
sz.002251 1
sz.002252 1
sz.002253 1
sz.002254 1
sz.002255 1
sz.002256 1
sz.002258 1
sz.002259 1
sz.002260 1
sz.002261 1
sz.002262 1
sz.002263 1
sz.002264 1
sz.002265 1
sz.002266 1
sz.002267 1
sz.002268 1
sz.002269 1
sz.002270 1
sz.002271 1
sz.002272 1
sz.002273 1
sz.002274 1
sz.002275 1
sz.002276 1
sz.002277 1
sz.002278 1
sz.002279 1
sz.002280 1
sz.002281 1
sz.002282 1
sz.002283 1
sz.002284 1
sz.002285 1
sz.002286 1
sz.002287 1
sz.002288 1
sz.002289 1
sz.002290 1
sz.002291 1
sz.002292 1
sz.002293 1
sz.002294 1
sz.002295 1
sz.002296 1
sz.002297 1
sz.002298 1
sz.002299 1
sz.002300 1
sz.002301 1
sz.002302 1
sz.002303 1
sz.002304 1
sz.002305 1
sz.002306 1
sz.002307 1
sz.002308 1
sz.002309 1
sz.002310 1
sz.002311 1
sz.002312 1
sz.002313 1
sz.002314 1
sz.002315 1
sz.002316 1
sz.002317 1
sz.002318 1
sz.002319 1
sz.002320 1
sz.002321 1
sz.002322 1
sz.002323 1
sz.002324 1
sz.002325 1
sz.002326 1
sz.002327 1
sz.002328 1
sz.002329 1
sz.002330 1
sz.002331 1
sz.002332 1
sz.002333 1
sz.002334 1
sz.002335 1
sz.002336 1
sz.002337 1
sz.002338 1
sz.002339 1
sz.002340 1
sz.002341 1
sz.002342 1
sz.002343 1
sz.002344 1
sz.002345 1
sz.002346 1
sz.002347 1
sz.002348 1
sz.002349 1
sz.002350 1
sz.002351 1
sz.002352 1
sz.002353 1
sz.002354 1
sz.002355 1
sz.002356 1
sz.002357 1
sz.002358 1
sz.002360 1
sz.002361 1
sz.002362 1
sz.002363 1
sz.002364 1
sz.002365 1
sz.002366 1
sz.002367 1
sz.002368 1
sz.002369 1
sz.002370 1
sz.002371 1
sz.002372 1
sz.002373 1
sz.002374 1
sz.002375 1
sz.002376 1
sz.002377 1
sz.002378 1
sz.002379 1
sz.002380 1
sz.002381 1
sz.002382 1
sz.002383 1
sz.002384 1
sz.002385 1
sz.002386 1
sz.002387 1
sz.002388 1
sz.002389 1
sz.002390 1
sz.002391 1
sz.002392 1
sz.002393 1
sz.002394 1
sz.002395 1
sz.002396 1
sz.002397 1
sz.002398 1
sz.002399 1
sz.002400 1
sz.002401 1
sz.002402 1
sz.002403 1
sz.002404 1
sz.002405 1
sz.002406 1
sz.002407 1
sz.002408 1
sz.002409 1
sz.002410 1
sz.002411 1
sz.002412 1
sz.002413 1
sz.002414 1
sz.002415 1
sz.002416 1
sz.002417 1
sz.002418 1
sz.002419 1
sz.002420 1
sz.002421 1
sz.002422 1
sz.002423 1
sz.002424 1
sz.002425 1
sz.002426 1
sz.002427 1
sz.002428 1
sz.002429 1
sz.002430 1
sz.002431 1
sz.002432 1
sz.002433 1
sz.002434 1
sz.002435 1
sz.002436 1
sz.002437 1
sz.002438 1
sz.002439 1
sz.002440 1
sz.002441 1
sz.002442 1
sz.002443 1
sz.002444 1
sz.002445 1
sz.002446 1
sz.002447 1
sz.002448 1
sz.002449 1
sz.002451 1
sz.002452 1
sz.002453 1
sz.002454 1
sz.002455 1
sz.002456 1
sz.002457 1
sz.002458 1
sz.002459 1
sz.002460 1
sz.002461 1
sz.002462 1
sz.002463 1
sz.002464 1
sz.002465 1
sz.002466 1
sz.002467 1
sz.002468 1
sz.002469 1
sz.002470 1
sz.002471 1
sz.002472 1
sz.002473 1
sz.002474 1
sz.002475 1
sz.002476 1
sz.002478 1
sz.002479 1
sz.002480 1
sz.002481 1
sz.002482 1
sz.002483 1
sz.002484 1
sz.002485 1
sz.002486 1
sz.002487 1
sz.002488 1
sz.002489 1
sz.002490 1
sz.002491 1
sz.002492 1
sz.002493 1
sz.002494 1
sz.002495 1
sz.002496 1
sz.002497 1
sz.002498 1
sz.002499 1
sz.002500 1
sz.002501 1
sz.002502 1
sz.002503 1
sz.002504 1
sz.002505 1
sz.002506 1
sz.002507 1
sz.002508 1
sz.002510 1
sz.002511 1
sz.002512 1
sz.002513 1
sz.002514 1
sz.002515 1
sz.002516 1
sz.002517 1
sz.002518 1
sz.002519 1
sz.002520 1
sz.002521 1
sz.002522 1
sz.002523 1
sz.002524 1
sz.002526 1
sz.002527 1
sz.002528 1
sz.002529 1
sz.002530 1
sz.002531 1
sz.002532 1
sz.002533 1
sz.002534 1
sz.002535 1
sz.002536 1
sz.002537 1
sz.002538 1
sz.002539 1
sz.002540 1
sz.002541 1
sz.002542 1
sz.002543 1
sz.002544 1
sz.002545 1
sz.002546 1
sz.002547 1
sz.002548 1
sz.002549 1
sz.002550 1
sz.002551 1
sz.002552 1
sz.002553 1
sz.002554 1
sz.002555 1
sz.002556 1
sz.002557 1
sz.002558 1
sz.002559 1
sz.002560 1
sz.002561 1
sz.002562 1
sz.002563 1
sz.002564 1
sz.002565 1
sz.002566 1
sz.002567 1
sz.002568 1
sz.002569 1
sz.002570 1
sz.002571 1
sz.002572 1
sz.002573 1
sz.002574 1
sz.002575 1
sz.002576 1
sz.002577 1
sz.002578 1
sz.002579 1
sz.002580 1
sz.002581 1
sz.002582 1
sz.002583 1
sz.002584 1
sz.002585 1
sz.002586 1
sz.002587 1
sz.002588 1
sz.002589 1
sz.002590 1
sz.002591 1
sz.002592 1
sz.002593 1
sz.002594 1
sz.002595 1
sz.002596 1
sz.002597 1
sz.002598 1
sz.002599 1
sz.002600 1
sz.002601 1
sz.002602 1
sz.002603 1
sz.002605 1
sz.002606 1
sz.002607 1
sz.002608 1
sz.002609 1
sz.002610 1
sz.002611 1
sz.002612 1
sz.002613 1
sz.002614 1
sz.002615 1
sz.002616 1
sz.002617 1
sz.002618 1
sz.002619 1
sz.002620 1
sz.002621 1
sz.002622 1
sz.002623 1
sz.002624 1
sz.002625 1
sz.002626 1
sz.002627 1
sz.002628 1
sz.002629 1
sz.002630 1
sz.002631 1
sz.002632 1
sz.002633 1
sz.002634 1
sz.002635 1
sz.002636 1
sz.002637 1
sz.002638 1
sz.002639 1
sz.002640 1
sz.002641 1
sz.002642 1
sz.002643 1
sz.002644 1
sz.002645 1
sz.002646 1
sz.002647 1
sz.002648 1
sz.002649 1
sz.002650 1
sz.002651 1
sz.002652 1
sz.002653 1
sz.002654 1
sz.002655 1
sz.002656 1
sz.002657 1
sz.002658 1
sz.002659 1
sz.002660 1
sz.002661 1
sz.002662 1
sz.002663 1
sz.002664 1
sz.002665 1
sz.002666 1
sz.002667 1
sz.002668 1
sz.002669 1
sz.002670 1
sz.002671 1
sz.002672 1
sz.002673 1
sz.002674 1
sz.002675 1
sz.002676 1
sz.002677 1
sz.002678 1
sz.002679 1
sz.002681 1
sz.002682 1
sz.002683 1
sz.002684 1
sz.002685 1
sz.002686 1
sz.002687 1
sz.002688 1
sz.002689 1
sz.002690 1
sz.002691 1
sz.002692 1
sz.002693 1
sz.002694 1
sz.002695 1
sz.002696 1
sz.002697 1
sz.002698 1
sz.002699 1
sz.002700 1
sz.002701 1
sz.002702 1
sz.002703 1
sz.002705 1
sz.002706 1
sz.002707 1
sz.002708 1
sz.002709 1
sz.002712 1
sz.002713 1
sz.002714 1
sz.002715 1
sz.002716 1
sz.002717 1
sz.002718 1
sz.002719 1
sz.002721 1
sz.002722 1
sz.002723 1
sz.002724 1
sz.002725 1
sz.002726 1
sz.002727 1
sz.002728 1
sz.002729 1
sz.002730 1
sz.002731 1
sz.002732 1
sz.002733 1
sz.002734 1
sz.002735 1
sz.002736 1
sz.002737 1
sz.002738 1
sz.002739 1
sz.002740 1
sz.002741 1
sz.002742 1
sz.002743 1
sz.002745 1
sz.002746 1
sz.002747 1
sz.002748 1
sz.002749 1
sz.002750 1
sz.002751 1
sz.002752 1
sz.002753 1
sz.002755 1
sz.002756 1
sz.002757 1
sz.002758 1
sz.002759 1
sz.002760 1
sz.002761 1
sz.002762 1
sz.002763 1
sz.002765 1
sz.002766 1
sz.002767 1
sz.002768 1
sz.002769 1
sz.002770 1
sz.002771 1
sz.002772 1
sz.002773 1
sz.002774 1
sz.002775 1
sz.002776 1
sz.002777 1
sz.002778 1
sz.002779 1
sz.002780 1
sz.002781 1
sz.002782 1
sz.002783 1
sz.002785 1
sz.002786 1
sz.002787 1
sz.002788 1
sz.002789 1
sz.002790 1
sz.002791 1
sz.002792 1
sz.002793 1
sz.002795 1
sz.002796 1
sz.002797 1
sz.002798 1
sz.002799 1
sz.002800 1
sz.002801 1
sz.002802 1
sz.002803 1
sz.002805 1
sz.002806 1
sz.002807 1
sz.002808 1
sz.002809 1
sz.002810 1
sz.002811 1
sz.002812 1
sz.002813 1
sz.002815 1
sz.002816 1
sz.002817 1
sz.002818 1
sz.002819 1
sz.002820 1
sz.002821 1
sz.002822 1
sz.002823 1
sz.002824 1
sz.002825 1
sz.002826 1
sz.002827 1
sz.002828 1
sz.002829 1
sz.002830 1
sz.002831 1
sz.002832 1
sz.002833 1
sz.002835 1
sz.002836 1
sz.002837 1
sz.002838 1
sz.002839 1
sz.002840 1
sz.002841 1
sz.002842 1
sz.002843 1
sz.002845 1
sz.002846 1
sz.002847 1
sz.002848 1
sz.002849 1
sz.002850 1
sz.002851 1
sz.002852 1
sz.002853 1
sz.002855 1
sz.002856 1
sz.002857 1
sz.002858 1
sz.002859 1
sz.002860 1
sz.002861 1
sz.002862 1
sz.002863 1
sz.002864 1
sz.002865 1
sz.002866 1
sz.002867 1
sz.002868 1
sz.002869 1
sz.002870 1
sz.002871 1
sz.002872 1
sz.002873 1
sz.002875 1
sz.002876 1
sz.002877 1
sz.002878 1
sz.002879 1
sz.002880 1
sz.002881 1
sz.002882 1
sz.002883 1
sz.002884 1
sz.002885 1
sz.002886 1
sz.002887 1
sz.002888 1
sz.002889 1
sz.002890 1
sz.002891 1
sz.002892 1
sz.002893 1
sz.002895 1
sz.002896 1
sz.002897 1
sz.002898 1
sz.002899 1
sz.002900 1
sz.002901 1
sz.002902 1
sz.002903 1
sz.002905 1
sz.002906 1
sz.002907 1
sz.002908 1
sz.002909 1
sz.002910 1
sz.002911 1
sz.002912 1
sz.002913 1
sz.002915 1
sz.002916 1
sz.002917 1
sz.002918 1
sz.002919 1
sz.002920 1
sz.002921 1
sz.002922 1
sz.002923 1
sz.002925 1
sz.002926 1
sz.002927 1
sz.002928 1
sz.002929 1
sz.002930 1
sz.002931 1
sz.002932 1
sz.002933 1
sz.002935 1
sz.002936 1
sz.002937 1
sz.002938 1
sz.002939 1
sz.002940 1
sz.002941 1
sz.002942 1
sz.002943 1
sz.002945 1
sz.002946 1
sz.002947 1
sz.002948 1
sz.002949 1
sz.002950 1
sz.002951 1
sz.002952 1
sz.002953 1
sz.002955 1
sz.002956 1
sz.002957 1
sz.002958 1
sz.002959 1
sz.002960 1
sz.002961 1
sz.002962 1
sz.002963 1
sz.002965 1
sz.002966 1
sz.002967 1
sz.002968 1
sz.002969 1
sz.002970 1
sz.002971 1
sz.002972 1
sz.002973 1
sz.002975 1
sz.002976 1
sz.002977 1
sz.002978 1
sz.002979 1
sz.002980 1
sz.002981 1
sz.002982 1
sz.002983 1
sz.002984 1
sz.002985 1
sz.002986 1
sz.002987 1
sz.002988 1
sz.002989 1
sz.002990 1
sz.002991 1
sz.002992 1
sz.002993 1
sz.002995 1
sz.002996 1
sz.002997 1
sz.002998 1
sz.002999 1
sz.003000 1
sz.003001 1
sz.003002 1
sz.003003 1
sz.003004 1
sz.003005 1
sz.003006 1
sz.003007 1
sz.003008 1
sz.003009 1
sz.003010 1
sz.003011 1
sz.003012 1
sz.003013 1
sz.003015 1
sz.003016 1
sz.003017 1
sz.003018 1
sz.003019 1
sz.003020 1
sz.003021 1
sz.003022 1
sz.003023 1
sz.003025 1
sz.003026 1
sz.003027 1
sz.003028 1
sz.003029 1
sz.003030 1
sz.003031 1
sz.003032 1
sz.003033 1
sz.003035 1
sz.003036 1
sz.003037 1
sz.003038 1
sz.003039 1
sz.003040 1
sz.003041 1
sz.003042 1
sz.003043 1
sz.003816 1
sz.300001 1
sz.300002 1
sz.300003 1
sz.300004 1
sz.300005 1
sz.300006 1
sz.300007 1
sz.300008 1
sz.300009 1
sz.300010 1
sz.300011 1
sz.300012 1
sz.300013 1
sz.300014 1
sz.300015 1
sz.300016 1
sz.300017 1
sz.300018 1
sz.300019 1
sz.300020 1
sz.300021 1
sz.300022 1
sz.300023 1
sz.300024 1
sz.300025 1
sz.300026 1
sz.300027 1
sz.300029 1
sz.300030 1
sz.300031 1
sz.300032 1
sz.300033 1
sz.300034 1
sz.300035 1
sz.300036 1
sz.300037 1
sz.300038 1
sz.300039 1
sz.300040 1
sz.300041 1
sz.300042 1
sz.300043 1
sz.300044 1
sz.300045 1
sz.300046 1
sz.300047 1
sz.300048 1
sz.300049 1
sz.300050 1
sz.300051 1
sz.300052 1
sz.300053 1
sz.300054 1
sz.300055 1
sz.300056 1
sz.300057 1
sz.300058 1
sz.300059 1
sz.300061 1
sz.300062 1
sz.300063 1
sz.300064 1
sz.300065 1
sz.300066 1
sz.300067 1
sz.300068 1
sz.300069 1
sz.300070 1
sz.300071 1
sz.300072 1
sz.300073 1
sz.300074 1
sz.300075 1
sz.300076 1
sz.300077 1
sz.300078 1
sz.300079 1
sz.300080 1
sz.300081 1
sz.300082 1
sz.300083 1
sz.300084 1
sz.300085 1
sz.300086 1
sz.300087 1
sz.300088 1
sz.300089 1
sz.300091 1
sz.300092 1
sz.300093 1
sz.300094 1
sz.300095 1
sz.300096 1
sz.300097 1
sz.300098 1
sz.300099 1
sz.300100 1
sz.300101 1
sz.300102 1
sz.300103 1
sz.300105 1
sz.300106 1
sz.300107 1
sz.300108 1
sz.300109 1
sz.300110 1
sz.300111 1
sz.300112 1
sz.300113 1
sz.300114 1
sz.300115 1
sz.300116 1
sz.300117 1
sz.300118 1
sz.300119 1
sz.300120 1
sz.300121 1
sz.300122 1
sz.300123 1
sz.300124 1
sz.300125 1
sz.300126 1
sz.300127 1
sz.300128 1
sz.300129 1
sz.300130 1
sz.300131 1
sz.300132 1
sz.300133 1
sz.300134 1
sz.300135 1
sz.300136 1
sz.300137 1
sz.300138 1
sz.300139 1
sz.300140 1
sz.300141 1
sz.300142 1
sz.300143 1
sz.300144 1
sz.300145 1
sz.300146 1
sz.300147 1
sz.300148 1
sz.300149 1
sz.300150 1
sz.300151 1
sz.300152 1
sz.300153 1
sz.300154 1
sz.300155 1
sz.300157 1
sz.300158 1
sz.300159 1
sz.300160 1
sz.300161 1
sz.300162 1
sz.300163 1
sz.300164 1
sz.300165 1
sz.300166 1
sz.300167 1
sz.300168 1
sz.300169 1
sz.300170 1
sz.300171 1
sz.300172 1
sz.300173 1
sz.300174 1
sz.300175 1
sz.300176 1
sz.300177 1
sz.300178 1
sz.300179 1
sz.300180 1
sz.300181 1
sz.300182 1
sz.300183 1
sz.300184 1
sz.300185 1
sz.300187 1
sz.300188 1
sz.300189 1
sz.300190 1
sz.300191 1
sz.300192 1
sz.300193 1
sz.300194 1
sz.300195 1
sz.300196 1
sz.300197 1
sz.300198 1
sz.300199 1
sz.300200 1
sz.300201 1
sz.300202 1
sz.300203 1
sz.300204 1
sz.300205 1
sz.300206 1
sz.300207 1
sz.300208 1
sz.300209 1
sz.300210 1
sz.300211 1
sz.300212 1
sz.300213 1
sz.300214 1
sz.300215 1
sz.300217 1
sz.300218 1
sz.300219 1
sz.300220 1
sz.300221 1
sz.300222 1
sz.300223 1
sz.300224 1
sz.300225 1
sz.300226 1
sz.300227 1
sz.300228 1
sz.300229 1
sz.300230 1
sz.300231 1
sz.300232 1
sz.300233 1
sz.300234 1
sz.300235 1
sz.300236 1
sz.300237 1
sz.300238 1
sz.300239 1
sz.300240 1
sz.300241 1
sz.300242 1
sz.300243 1
sz.300244 1
sz.300245 1
sz.300246 1
sz.300247 1
sz.300248 1
sz.300249 1
sz.300250 1
sz.300251 1
sz.300252 1
sz.300253 1
sz.300254 1
sz.300255 1
sz.300256 1
sz.300257 1
sz.300258 1
sz.300259 1
sz.300260 1
sz.300261 1
sz.300262 1
sz.300263 1
sz.300264 1
sz.300265 1
sz.300266 1
sz.300267 1
sz.300268 1
sz.300269 1
sz.300270 1
sz.300271 1
sz.300272 1
sz.300273 1
sz.300274 1
sz.300275 1
sz.300276 1
sz.300277 1
sz.300278 1
sz.300279 1
sz.300280 1
sz.300281 1
sz.300282 1
sz.300283 1
sz.300284 1
sz.300285 1
sz.300286 1
sz.300287 1
sz.300288 1
sz.300289 1
sz.300290 1
sz.300291 1
sz.300292 1
sz.300293 1
sz.300294 1
sz.300295 1
sz.300296 1
sz.300297 1
sz.300298 1
sz.300299 1
sz.300300 1
sz.300301 1
sz.300302 1
sz.300303 1
sz.300304 1
sz.300305 1
sz.300306 1
sz.300307 1
sz.300308 1
sz.300309 1
sz.300310 1
sz.300311 1
sz.300312 1
sz.300313 1
sz.300314 1
sz.300315 1
sz.300316 1
sz.300317 1
sz.300318 1
sz.300319 1
sz.300320 1
sz.300321 1
sz.300322 1
sz.300323 1
sz.300324 1
sz.300325 1
sz.300326 1
sz.300327 1
sz.300328 1
sz.300329 1
sz.300330 1
sz.300331 1
sz.300332 1
sz.300333 1
sz.300334 1
sz.300335 1
sz.300336 1
sz.300337 1
sz.300338 1
sz.300339 1
sz.300340 1
sz.300341 1
sz.300342 1
sz.300343 1
sz.300344 1
sz.300345 1
sz.300346 1
sz.300347 1
sz.300348 1
sz.300349 1
sz.300350 1
sz.300351 1
sz.300352 1
sz.300353 1
sz.300354 1
sz.300355 1
sz.300356 1
sz.300357 1
sz.300358 1
sz.300359 1
sz.300360 1
sz.300363 1
sz.300364 1
sz.300365 1
sz.300366 1
sz.300367 1
sz.300368 1
sz.300369 1
sz.300370 1
sz.300371 1
sz.300373 1
sz.300374 1
sz.300375 1
sz.300376 1
sz.300377 1
sz.300378 1
sz.300379 1
sz.300380 1
sz.300381 1
sz.300382 1
sz.300383 1
sz.300384 1
sz.300385 1
sz.300386 1
sz.300387 1
sz.300388 1
sz.300389 1
sz.300390 1
sz.300391 1
sz.300392 1
sz.300393 1
sz.300394 1
sz.300395 1
sz.300396 1
sz.300397 1
sz.300398 1
sz.300399 1
sz.300400 1
sz.300401 1
sz.300402 1
sz.300403 1
sz.300404 1
sz.300405 1
sz.300406 1
sz.300407 1
sz.300408 1
sz.300409 1
sz.300410 1
sz.300411 1
sz.300412 1
sz.300413 1
sz.300414 1
sz.300415 1
sz.300416 1
sz.300417 1
sz.300418 1
sz.300419 1
sz.300420 1
sz.300421 1
sz.300422 1
sz.300423 1
sz.300424 1
sz.300425 1
sz.300426 1
sz.300427 1
sz.300428 1
sz.300429 1
sz.300430 1
sz.300432 1
sz.300433 1
sz.300434 1
sz.300435 1
sz.300436 1
sz.300437 1
sz.300438 1
sz.300439 1
sz.300440 1
sz.300441 1
sz.300442 1
sz.300443 1
sz.300444 1
sz.300445 1
sz.300446 1
sz.300447 1
sz.300448 1
sz.300449 1
sz.300450 1
sz.300451 1
sz.300452 1
sz.300453 1
sz.300454 1
sz.300455 1
sz.300456 1
sz.300457 1
sz.300458 1
sz.300459 1
sz.300460 1
sz.300461 1
sz.300462 1
sz.300463 1
sz.300464 1
sz.300465 1
sz.300466 1
sz.300467 1
sz.300468 1
sz.300469 1
sz.300470 1
sz.300471 1
sz.300472 1
sz.300473 1
sz.300474 1
sz.300475 1
sz.300476 1
sz.300477 1
sz.300478 1
sz.300479 1
sz.300480 1
sz.300481 1
sz.300482 1
sz.300483 1
sz.300484 1
sz.300485 1
sz.300486 1
sz.300487 1
sz.300488 1
sz.300489 1
sz.300490 1
sz.300491 1
sz.300492 1
sz.300493 1
sz.300494 1
sz.300495 1
sz.300496 1
sz.300497 1
sz.300498 1
sz.300499 1
sz.300500 1
sz.300501 1
sz.300502 1
sz.300503 1
sz.300504 1
sz.300505 1
sz.300506 1
sz.300507 1
sz.300508 1
sz.300509 1
sz.300510 1
sz.300511 1
sz.300512 1
sz.300513 1
sz.300514 1
sz.300515 1
sz.300516 1
sz.300517 1
sz.300518 1
sz.300519 1
sz.300520 1
sz.300521 1
sz.300522 1
sz.300523 1
sz.300525 1
sz.300526 1
sz.300527 1
sz.300528 1
sz.300529 1
sz.300530 1
sz.300531 1
sz.300532 1
sz.300533 1
sz.300534 1
sz.300535 1
sz.300536 1
sz.300537 1
sz.300538 1
sz.300539 1
sz.300540 1
sz.300541 1
sz.300542 1
sz.300543 1
sz.300545 1
sz.300546 1
sz.300547 1
sz.300548 1
sz.300549 1
sz.300550 1
sz.300551 1
sz.300552 1
sz.300553 1
sz.300554 1
sz.300555 1
sz.300556 1
sz.300557 1
sz.300558 1
sz.300559 1
sz.300560 1
sz.300561 1
sz.300562 1
sz.300563 1
sz.300564 1
sz.300565 1
sz.300566 1
sz.300567 1
sz.300568 1
sz.300569 1
sz.300570 1
sz.300571 1
sz.300572 1
sz.300573 1
sz.300575 1
sz.300576 1
sz.300577 1
sz.300578 1
sz.300579 1
sz.300580 1
sz.300581 1
sz.300582 1
sz.300583 1
sz.300584 1
sz.300585 1
sz.300586 1
sz.300587 1
sz.300588 1
sz.300589 1
sz.300590 1
sz.300591 1
sz.300592 1
sz.300593 1
sz.300594 1
sz.300595 1
sz.300596 1
sz.300597 1
sz.300598 1
sz.300599 1
sz.300600 1
sz.300601 1
sz.300602 1
sz.300603 1
sz.300604 1
sz.300605 1
sz.300606 1
sz.300607 1
sz.300608 1
sz.300609 1
sz.300610 1
sz.300611 1
sz.300612 1
sz.300613 1
sz.300614 1
sz.300615 1
sz.300616 1
sz.300617 1
sz.300618 1
sz.300619 1
sz.300620 1
sz.300621 1
sz.300622 1
sz.300623 1
sz.300624 1
sz.300625 1
sz.300626 1
sz.300627 1
sz.300628 1
sz.300629 1
sz.300630 1
sz.300631 1
sz.300632 1
sz.300633 1
sz.300634 1
sz.300635 1
sz.300636 1
sz.300637 1
sz.300638 1
sz.300639 1
sz.300640 1
sz.300641 1
sz.300642 1
sz.300643 1
sz.300644 1
sz.300645 1
sz.300647 1
sz.300648 1
sz.300649 1
sz.300650 1
sz.300651 1
sz.300652 1
sz.300653 1
sz.300654 1
sz.300655 1
sz.300656 1
sz.300657 1
sz.300658 1
sz.300659 1
sz.300660 1
sz.300661 1
sz.300662 1
sz.300663 1
sz.300664 1
sz.300665 1
sz.300666 1
sz.300667 1
sz.300668 1
sz.300669 1
sz.300670 1
sz.300671 1
sz.300672 1
sz.300673 1
sz.300674 1
sz.300675 1
sz.300676 1
sz.300677 1
sz.300678 1
sz.300679 1
sz.300680 1
sz.300681 1
sz.300682 1
sz.300683 1
sz.300684 1
sz.300685 1
sz.300686 1
sz.300687 1
sz.300688 1
sz.300689 1
sz.300690 1
sz.300691 1
sz.300692 1
sz.300693 1
sz.300694 1
sz.300695 1
sz.300696 1
sz.300697 1
sz.300698 1
sz.300699 1
sz.300700 1
sz.300701 1
sz.300702 1
sz.300703 1
sz.300705 1
sz.300706 1
sz.300707 1
sz.300708 1
sz.300709 1
sz.300710 1
sz.300711 1
sz.300712 1
sz.300713 1
sz.300715 1
sz.300716 1
sz.300717 1
sz.300718 1
sz.300719 1
sz.300720 1
sz.300721 1
sz.300722 1
sz.300723 1
sz.300724 1
sz.300725 1
sz.300726 1
sz.300727 1
sz.300729 1
sz.300730 1
sz.300731 1
sz.300732 1
sz.300733 1
sz.300735 1
sz.300736 1
sz.300737 1
sz.300738 1
sz.300739 1
sz.300740 1
sz.300741 1
sz.300742 1
sz.300743 1
sz.300745 1
sz.300746 1
sz.300747 1
sz.300748 1
sz.300749 1
sz.300750 1
sz.300751 1
sz.300752 1
sz.300753 1
sz.300755 1
sz.300756 1
sz.300757 1
sz.300758 1
sz.300759 1
sz.300760 1
sz.300761 1
sz.300762 1
sz.300763 1
sz.300765 1
sz.300766 1
sz.300767 1
sz.300768 1
sz.300769 1
sz.300770 1
sz.300771 1
sz.300772 1
sz.300773 1
sz.300774 1
sz.300775 1
sz.300776 1
sz.300777 1
sz.300778 1
sz.300779 1
sz.300780 1
sz.300781 1
sz.300782 1
sz.300783 1
sz.300785 1
sz.300786 1
sz.300787 1
sz.300788 1
sz.300789 1
sz.300790 1
sz.300791 1
sz.300792 1
sz.300793 1
sz.300795 1
sz.300796 1
sz.300797 1
sz.300798 1
sz.300799 1
sz.300800 1
sz.300801 1
sz.300802 1
sz.300803 1
sz.300805 1
sz.300806 1
sz.300807 1
sz.300808 1
sz.300809 1
sz.300810 1
sz.300811 1
sz.300812 1
sz.300813 1
sz.300814 1
sz.300815 1
sz.300816 1
sz.300817 1
sz.300818 1
sz.300819 1
sz.300820 1
sz.300821 1
sz.300822 1
sz.300823 1
sz.300824 1
sz.300825 1
sz.300826 1
sz.300827 1
sz.300828 1
sz.300829 1
sz.300830 1
sz.300831 1
sz.300832 1
sz.300833 1
sz.300834 1
sz.300835 1
sz.300836 1
sz.300837 1
sz.300838 1
sz.300839 1
sz.300840 1
sz.300841 1
sz.300842 1
sz.300843 1
sz.300844 1
sz.300845 1
sz.300846 1
sz.300847 1
sz.300848 1
sz.300849 1
sz.300850 1
sz.300851 1
sz.300852 1
sz.300853 1
sz.300854 1
sz.300855 1
sz.300856 1
sz.300857 1
sz.300858 1
sz.300859 1
sz.300860 1
sz.300861 1
sz.300862 1
sz.300863 1
sz.300864 1
sz.300865 1
sz.300866 1
sz.300867 1
sz.300868 1
sz.300869 1
sz.300870 1
sz.300871 1
sz.300872 1
sz.300873 1
sz.300875 1
sz.300876 1
sz.300877 1
sz.300878 1
sz.300879 1
sz.300880 1
sz.300881 1
sz.300882 1
sz.300883 1
sz.300884 1
sz.300885 1
sz.300886 1
sz.300887 1
sz.300888 1
sz.300889 1
sz.300890 1
sz.300891 1
sz.300892 1
sz.300893 1
sz.300894 1
sz.300895 1
sz.300896 1
sz.300897 1
sz.300898 1
sz.300899 1
sz.300900 1
sz.300901 1
sz.300902 1
sz.300903 1
sz.300905 1
sz.300906 1
sz.300907 1
sz.300908 1
sz.300909 1
sz.300910 1
sz.300911 1
sz.300912 1
sz.300913 1
sz.300915 1
sz.300916 1
sz.300917 1
sz.300918 1
sz.300919 1
sz.300920 1
sz.300921 1
sz.300922 1
sz.300923 1
sz.300925 1
sz.300926 1
sz.300927 1
sz.300928 1
sz.300929 1
sz.300930 1
sz.300931 1
sz.300932 1
sz.300933 1
sz.300935 1
sz.300936 1
sz.300937 1
sz.300938 1
sz.300939 1
sz.300940 1
sz.300941 1
sz.300942 1
sz.300943 1
sz.300945 1
sz.300946 1
sz.300947 1
sz.300948 1
sz.300949 1
sz.300950 1
sz.300951 1
sz.300952 1
sz.300953 1
sz.300955 1
sz.300956 1
sz.300957 1
sz.300958 1
sz.300959 1
sz.300960 1
sz.300961 1
sz.300962 1
sz.300963 1
sz.300964 1
sz.300965 1
sz.300966 1
sz.300967 1
sz.300968 1
sz.300969 1
sz.300970 1
sz.300971 1
sz.300972 1
sz.300973 1
sz.300975 1
sz.300976 1
sz.300977 1
sz.300978 1
sz.300979 1
sz.300980 1
sz.300981 1
sz.300982 1
sz.300983 1
sz.300984 1
sz.300985 1
sz.300986 1
sz.300987 1
sz.300988 1
sz.300989 1
sz.300990 1
sz.300991 1
sz.300992 1
sz.300993 1
sz.300994 1
sz.300995 1
sz.300996 1
sz.300997 1
sz.300998 1
sz.300999 1
sz.301000 1
sz.301001 1
sz.301002 1
sz.301003 1
sz.301004 1
sz.301005 1
sz.301006 1
sz.301007 1
sz.301008 1
sz.301009 1
sz.301010 1
sz.301011 1
sz.301012 1
sz.301013 1
sz.301015 1
sz.301016 1
sz.301017 1
sz.301018 1
sz.301019 1
sz.301020 1
sz.301021 1
sz.301022 1
sz.301023 1
sz.301024 1
sz.301025 1
sz.301026 1
sz.301027 1
sz.301028 1
sz.301029 1
sz.301030 1
sz.301031 1
sz.301032 1
sz.301033 1
sz.301035 1
sz.301036 1
sz.301037 1
sz.301038 1
sz.301039 1
sz.301040 1
sz.301041 1
sz.301042 1
sz.301043 1
sz.301045 1
sz.301046 1
sz.301047 1
sz.301048 1
sz.301049 1
sz.301050 1
sz.301051 1
sz.301052 1
sz.301053 1
sz.301055 1
sz.301056 1
sz.301057 1
sz.301058 1
sz.301059 1
sz.301060 1
sz.301061 1
sz.301062 1
sz.301063 1
sz.301065 1
sz.301066 1
sz.301067 1
sz.301068 1
sz.301069 1
sz.301070 1
sz.301071 1
sz.301072 1
sz.301073 1
sz.301075 1
sz.301076 1
sz.301077 1
sz.301078 1
sz.301079 1
sz.301080 1
sz.301081 1
sz.301082 1
sz.301083 1
sz.301085 1
sz.301086 1
sz.301087 1
sz.301088 1
sz.301089 1
sz.301090 1
sz.301091 1
sz.301092 1
sz.301093 1
sz.301096 1
sz.301098 1
sz.301099 1
sz.301100 1
sz.301101 1
sz.301106 1
sz.301108 1
sz.301111 1
sz.301113 1
sz.301116 1
sz.301117 1
sz.301118 1
sz.301119 1
sz.301122 1
sz.301123 1
sz.301126 1
sz.301127 1
sz.301128 1
sz.301129 1
sz.301130 1
sz.301133 1
sz.301136 1
sz.301138 1
sz.301149 1
sz.301155 1
sz.301158 1
sz.301159 1
sz.301166 1
sz.301167 1
sz.301168 1
sz.301169 1
sz.301177 1
sz.301178 1
sz.301179 1
sz.301180 1
sz.301181 1
sz.301182 1
sz.301185 1
sz.301186 1
sz.301188 1
sz.301189 1
sz.301190 1
sz.301193 1
sz.301196 1
sz.301198 1
sz.301199 1
sz.301200 1
sz.301201 1
sz.301206 1
sz.301207 1
sz.301211 1
sz.301213 1
sz.301215 1
sz.301217 1
sz.301218 1
sz.301221 1
sz.301222 1
sz.301228 1
sz.301229 1
sz.301235 1
sz.399001 1
sz.399002 1
sz.399003 1
sz.399004 1
sz.399005 1
sz.399006 1
sz.399007 1
sz.399008 1
sz.399009 1
sz.399010 1
sz.399011 1
sz.399012 1
sz.399013 1
sz.399015 1
sz.399100 1
sz.399101 1
sz.399102 1
sz.399103 1
sz.399106 1
sz.399107 1
sz.399108 1
sz.399231 1
sz.399232 1
sz.399233 1
sz.399234 1
sz.399235 1
sz.399236 1
sz.399237 1
sz.399238 1
sz.399239 1
sz.399240 1
sz.399241 1
sz.399242 1
sz.399243 1
sz.399244 1
sz.399248 1
sz.399249 1
sz.399300 1
sz.399303 1
sz.399306 1
sz.399307 1
sz.399310 1
sz.399311 1
sz.399312 1
sz.399313 1
sz.399314 1
sz.399315 1
sz.399316 1
sz.399317 1
sz.399318 1
sz.399319 1
sz.399320 1
sz.399321 1
sz.399322 1
sz.399324 1
sz.399326 1
sz.399328 1
sz.399330 1
sz.399333 1
sz.399335 1
sz.399337 1
sz.399339 1
sz.399341 1
sz.399344 1
sz.399346 1
sz.399348 1
sz.399350 1
sz.399351 1
sz.399352 1
sz.399353 1
sz.399355 1
sz.399356 1
sz.399357 1
sz.399358 1
sz.399359 1
sz.399360 1
sz.399361 1
sz.399362 1
sz.399363 1
sz.399364 1
sz.399365 1
sz.399366 1
sz.399367 1
sz.399368 1
sz.399369 1
sz.399370 1
sz.399371 1
sz.399372 1
sz.399373 1
sz.399374 1
sz.399375 1
sz.399376 1
sz.399377 1
sz.399378 1
sz.399379 1
sz.399380 1
sz.399381 1
sz.399382 1
sz.399383 1
sz.399384 1
sz.399385 1
sz.399386 1
sz.399387 1
sz.399388 1
sz.399389 1
sz.399390 1
sz.399391 1
sz.399392 1
sz.399393 1
sz.399394 1
sz.399395 1
sz.399396 1
sz.399397 1
sz.399398 1
sz.399399 1
sz.399400 1
sz.399401 1
sz.399402 1
sz.399403 1
sz.399404 1
sz.399405 1
sz.399406 1
sz.399407 1
sz.399408 1
sz.399409 1
sz.399410 1
sz.399411 1
sz.399412 1
sz.399413 1
sz.399415 1
sz.399416 1
sz.399417 1
sz.399418 1
sz.399419 1
sz.399420 1
sz.399423 1
sz.399427 1
sz.399428 1
sz.399429 1
sz.399431 1
sz.399432 1
sz.399433 1
sz.399434 1
sz.399435 1
sz.399436 1
sz.399437 1
sz.399438 1
sz.399439 1
sz.399440 1
sz.399441 1
sz.399550 1
sz.399551 1
sz.399552 1
sz.399553 1
sz.399554 1
sz.399555 1
sz.399556 1
sz.399557 1
sz.399602 1
sz.399604 1
sz.399606 1
sz.399608 1
sz.399610 1
sz.399611 1
sz.399612 1
sz.399613 1
sz.399614 1
sz.399615 1
sz.399616 1
sz.399617 1
sz.399618 1
sz.399619 1
sz.399620 1
sz.399621 1
sz.399622 1
sz.399623 1
sz.399624 1
sz.399625 1
sz.399626 1
sz.399627 1
sz.399628 1
sz.399629 1
sz.399630 1
sz.399631 1
sz.399632 1
sz.399633 1
sz.399634 1
sz.399635 1
sz.399636 1
sz.399637 1
sz.399638 1
sz.399639 1
sz.399640 1
sz.399641 1
sz.399642 1
sz.399643 1
sz.399644 1
sz.399645 1
sz.399646 1
sz.399647 1
sz.399648 1
sz.399649 1
sz.399650 1
sz.399651 1
sz.399652 1
sz.399653 1
sz.399654 1
sz.399655 1
sz.399656 1
sz.399657 1
sz.399658 1
sz.399659 1
sz.399660 1
sz.399661 1
sz.399662 1
sz.399663 1
sz.399664 1
sz.399665 1
sz.399666 1
sz.399667 1
sz.399668 1
sz.399669 1
sz.399670 1
sz.399671 1
sz.399672 1
sz.399673 1
sz.399674 1
sz.399675 1
sz.399676 1
sz.399677 1
sz.399678 1
sz.399679 1
sz.399680 1
sz.399681 1
sz.399682 1
sz.399683 1
sz.399684 1
sz.399685 1
sz.399686 1
sz.399687 1
sz.399688 1
sz.399689 1
sz.399701 1
sz.399702 1
sz.399703 1
sz.399704 1
sz.399705 1
sz.399706 1
sz.399802 1
sz.399803 1
sz.399804 1
sz.399805 1
sz.399806 1
sz.399807 1
sz.399808 1
sz.399809 1
sz.399812 1
sz.399813 1
sz.399814 1
sz.399901 1
sz.399903 1
sz.399905 1
sz.399913 1
sz.399914 1
sz.399928 1
sz.399932 1
sz.399933 1
sz.399934 1
sz.399935 1
sz.399959 1
sz.399965 1
sz.399966 1
sz.399967 1
sz.399972 1
sz.399974 1
sz.399982 1
sz.399990 1
sz.399991 1
sz.399992 1
sz.399993 1
sz.399994 1
sz.399995 1
sz.399996 1
sz.399997 1
sz.399998 1
end records num: 13960692
Total time cost: 5251.862254619598
{"code":1000,"msg":"","data":[{"uid":"UID_RxY9fJ8MaWCFWdXzOfMCkCmYhdPY","topicId":null,"messageId":324427058,"code":1000,"status":""}],"success":true}
